<?xml version="1.0" encoding="UTF-8" ?>
<testsuite tests="2" failures="0" name="com.redis.controller.StudentControllerTest" time="0.134" errors="2" skipped="0">
  <properties>
[...]
</properties>
  <testcase classname="com.redis.controller.StudentControllerTest" name="select" time="0.132">
    <error message="Failed to load ApplicationContext" type="java.lang.IllegalStateException">java.lang.IllegalStateException: Failed to load ApplicationContext
	at org.springframework.test.context.cache.DefaultCacheAwareContextLoaderDelegate.loadContext(DefaultCacheAwareContextLoaderDelegate.java:124)
	at org.springframework.test.context.support.DefaultTestContext.getApplicationContext(DefaultTestContext.java:83)
	at org.springframework.test.context.support.DependencyInjectionTestExecutionListener.injectDependencies(DependencyInjectionTestExecutionListener.java:117)
	at org.springframework.test.context.support.DependencyInjectionTestExecutionListener.prepareTestInstance(DependencyInjectionTestExecutionListener.java:83)
	at org.springframework.test.context.TestContextManager.prepareTestInstance(TestContextManager.java:230)
	at org.springframework.test.context.junit4.SpringJUnit4ClassRunner.createTest(SpringJUnit4ClassRunner.java:228)
	at org.springframework.test.context.junit4.SpringJUnit4ClassRunner$1.runReflectiveCall(SpringJUnit4ClassRunner.java:287)
	at org.junit.internal.runners.model.ReflectiveCallable.run(ReflectiveCallable.java:12)
	at org.springframework.test.context.junit4.SpringJUnit4ClassRunner.methodBlock(SpringJUnit4ClassRunner.java:289)
	at org.springframework.test.context.junit4.SpringJUnit4ClassRunner.runChild(SpringJUnit4ClassRunner.java:247)
	at org.springframework.test.context.junit4.SpringJUnit4ClassRunner.runChild(SpringJUnit4ClassRunner.java:94)
	at org.junit.runners.ParentRunner$3.run(ParentRunner.java:290)
	at org.junit.runners.ParentRunner$1.schedule(ParentRunner.java:71)
	at org.junit.runners.ParentRunner.runChildren(ParentRunner.java:288)
	at org.junit.runners.ParentRunner.access$000(ParentRunner.java:58)
	at org.junit.runners.ParentRunner$2.evaluate(ParentRunner.java:268)
	at org.springframework.test.context.junit4.statements.RunBeforeTestClassCallbacks.evaluate(RunBeforeTestClassCallbacks.java:61)
	at org.springframework.test.context.junit4.statements.RunAfterTestClassCallbacks.evaluate(RunAfterTestClassCallbacks.java:70)
	at org.junit.runners.ParentRunner.run(ParentRunner.java:363)
	at org.springframework.test.context.junit4.SpringJUnit4ClassRunner.run(SpringJUnit4ClassRunner.java:191)
	at org.apache.maven.surefire.junit4.JUnit4Provider.execute(JUnit4Provider.java:252)
	at org.apache.maven.surefire.junit4.JUnit4Provider.executeTestSet(JUnit4Provider.java:141)
	at org.apache.maven.surefire.junit4.JUnit4Provider.invoke(JUnit4Provider.java:112)
	at sun.reflect.NativeMethodAccessorImpl.invoke0(Native Method)
	at sun.reflect.NativeMethodAccessorImpl.invoke(NativeMethodAccessorImpl.java:62)
	at sun.reflect.DelegatingMethodAccessorImpl.invoke(DelegatingMethodAccessorImpl.java:43)
	at java.lang.reflect.Method.invoke(Method.java:498)
	at org.apache.maven.surefire.util.ReflectionUtils.invokeMethodWithArray(ReflectionUtils.java:189)
	at org.apache.maven.surefire.booter.ProviderFactory$ProviderProxy.invoke(ProviderFactory.java:165)
	at org.apache.maven.surefire.booter.ProviderFactory.invokeProvider(ProviderFactory.java:85)
	at org.apache.maven.surefire.booter.ForkedBooter.runSuitesInProcess(ForkedBooter.java:115)
	at org.apache.maven.surefire.booter.ForkedBooter.main(ForkedBooter.java:75)
Caused by: org.springframework.beans.factory.BeanCreationException: Error creating bean with name &apos;org.springframework.cache.interceptor.CacheInterceptor#0&apos;: Cannot resolve reference to bean &apos;cacheManager&apos; while setting bean property &apos;cacheManager&apos;; nested exception is org.springframework.beans.factory.BeanCreationException: Error creating bean with name &apos;cacheManager&apos; defined in class path resource [spring/applicationContext-redis.xml]: Cannot create inner bean &apos;com.redis.redis.RedisCache#7ea37dbf&apos; of type [com.redis.redis.RedisCache] while setting bean property &apos;caches&apos; with key [0]; nested exception is org.springframework.beans.factory.BeanCreationException: Error creating bean with name &apos;com.redis.redis.RedisCache#7ea37dbf&apos; defined in class path resource [spring/applicationContext-redis.xml]: Cannot resolve reference to bean &apos;redisTemplate&apos; while setting bean property &apos;redisTemplate&apos;; nested exception is org.springframework.beans.factory.BeanCreationException: Error creating bean with name &apos;redisTemplate&apos; defined in class path resource [spring/applicationContext-redis.xml]: Cannot resolve reference to bean &apos;connectionFactory&apos; while setting bean property &apos;connectionFactory&apos;; nested exception is org.springframework.beans.factory.BeanCreationException: Error creating bean with name &apos;connectionFactory&apos; defined in class path resource [spring/applicationContext-redis.xml]: Invocation of init method failed; nested exception is redis.clients.jedis.exceptions.JedisConnectionException: java.net.SocketTimeoutException: connect timed out
	at org.springframework.beans.factory.support.BeanDefinitionValueResolver.resolveReference(BeanDefinitionValueResolver.java:359)
	at org.springframework.beans.factory.support.BeanDefinitionValueResolver.resolveValueIfNecessary(BeanDefinitionValueResolver.java:108)
	at org.springframework.beans.factory.support.AbstractAutowireCapableBeanFactory.applyPropertyValues(AbstractAutowireCapableBeanFactory.java:1481)
	at org.springframework.beans.factory.support.AbstractAutowireCapableBeanFactory.populateBean(AbstractAutowireCapableBeanFactory.java:1226)
	at org.springframework.beans.factory.support.AbstractAutowireCapableBeanFactory.doCreateBean(AbstractAutowireCapableBeanFactory.java:543)
	at org.springframework.beans.factory.support.AbstractAutowireCapableBeanFactory.createBean(AbstractAutowireCapableBeanFactory.java:482)
	at org.springframework.beans.factory.support.AbstractBeanFactory$1.getObject(AbstractBeanFactory.java:306)
	at org.springframework.beans.factory.support.DefaultSingletonBeanRegistry.getSingleton(DefaultSingletonBeanRegistry.java:230)
	at org.springframework.beans.factory.support.AbstractBeanFactory.doGetBean(AbstractBeanFactory.java:302)
	at org.springframework.beans.factory.support.AbstractBeanFactory.getBean(AbstractBeanFactory.java:197)
	at org.springframework.beans.factory.support.DefaultListableBeanFactory.preInstantiateSingletons(DefaultListableBeanFactory.java:776)
	at org.springframework.context.support.AbstractApplicationContext.finishBeanFactoryInitialization(AbstractApplicationContext.java:861)
	at org.springframework.context.support.AbstractApplicationContext.refresh(AbstractApplicationContext.java:541)
	at org.springframework.test.context.support.AbstractGenericContextLoader.loadContext(AbstractGenericContextLoader.java:128)
	at org.springframework.test.context.support.AbstractGenericContextLoader.loadContext(AbstractGenericContextLoader.java:60)
	at org.springframework.test.context.support.AbstractDelegatingSmartContextLoader.delegateLoading(AbstractDelegatingSmartContextLoader.java:108)
	at org.springframework.test.context.support.AbstractDelegatingSmartContextLoader.loadContext(AbstractDelegatingSmartContextLoader.java:251)
	at org.springframework.test.context.cache.DefaultCacheAwareContextLoaderDelegate.loadContextInternal(DefaultCacheAwareContextLoaderDelegate.java:98)
	at org.springframework.test.context.cache.DefaultCacheAwareContextLoaderDelegate.loadContext(DefaultCacheAwareContextLoaderDelegate.java:116)
	... 31 more
Caused by: org.springframework.beans.factory.BeanCreationException: Error creating bean with name &apos;cacheManager&apos; defined in class path resource [spring/applicationContext-redis.xml]: Cannot create inner bean &apos;com.redis.redis.RedisCache#7ea37dbf&apos; of type [com.redis.redis.RedisCache] while setting bean property &apos;caches&apos; with key [0]; nested exception is org.springframework.beans.factory.BeanCreationException: Error creating bean with name &apos;com.redis.redis.RedisCache#7ea37dbf&apos; defined in class path resource [spring/applicationContext-redis.xml]: Cannot resolve reference to bean &apos;redisTemplate&apos; while setting bean property &apos;redisTemplate&apos;; nested exception is org.springframework.beans.factory.BeanCreationException: Error creating bean with name &apos;redisTemplate&apos; defined in class path resource [spring/applicationContext-redis.xml]: Cannot resolve reference to bean &apos;connectionFactory&apos; while setting bean property &apos;connectionFactory&apos;; nested exception is org.springframework.beans.factory.BeanCreationException: Error creating bean with name &apos;connectionFactory&apos; defined in class path resource [spring/applicationContext-redis.xml]: Invocation of init method failed; nested exception is redis.clients.jedis.exceptions.JedisConnectionException: java.net.SocketTimeoutException: connect timed out
	at org.springframework.beans.factory.support.BeanDefinitionValueResolver.resolveInnerBean(BeanDefinitionValueResolver.java:313)
	at org.springframework.beans.factory.support.BeanDefinitionValueResolver.resolveValueIfNecessary(BeanDefinitionValueResolver.java:122)
	at org.springframework.beans.factory.support.BeanDefinitionValueResolver.resolveManagedSet(BeanDefinitionValueResolver.java:394)
	at org.springframework.beans.factory.support.BeanDefinitionValueResolver.resolveValueIfNecessary(BeanDefinitionValueResolver.java:161)
	at org.springframework.beans.factory.support.AbstractAutowireCapableBeanFactory.applyPropertyValues(AbstractAutowireCapableBeanFactory.java:1481)
	at org.springframework.beans.factory.support.AbstractAutowireCapableBeanFactory.populateBean(AbstractAutowireCapableBeanFactory.java:1226)
	at org.springframework.beans.factory.support.AbstractAutowireCapableBeanFactory.doCreateBean(AbstractAutowireCapableBeanFactory.java:543)
	at org.springframework.beans.factory.support.AbstractAutowireCapableBeanFactory.createBean(AbstractAutowireCapableBeanFactory.java:482)
	at org.springframework.beans.factory.support.AbstractBeanFactory$1.getObject(AbstractBeanFactory.java:306)
	at org.springframework.beans.factory.support.DefaultSingletonBeanRegistry.getSingleton(DefaultSingletonBeanRegistry.java:230)
	at org.springframework.beans.factory.support.AbstractBeanFactory.doGetBean(AbstractBeanFactory.java:302)
	at org.springframework.beans.factory.support.AbstractBeanFactory.getBean(AbstractBeanFactory.java:197)
	at org.springframework.beans.factory.support.BeanDefinitionValueResolver.resolveReference(BeanDefinitionValueResolver.java:351)
	... 49 more
Caused by: org.springframework.beans.factory.BeanCreationException: Error creating bean with name &apos;com.redis.redis.RedisCache#7ea37dbf&apos; defined in class path resource [spring/applicationContext-redis.xml]: Cannot resolve reference to bean &apos;redisTemplate&apos; while setting bean property &apos;redisTemplate&apos;; nested exception is org.springframework.beans.factory.BeanCreationException: Error creating bean with name &apos;redisTemplate&apos; defined in class path resource [spring/applicationContext-redis.xml]: Cannot resolve reference to bean &apos;connectionFactory&apos; while setting bean property &apos;connectionFactory&apos;; nested exception is org.springframework.beans.factory.BeanCreationException: Error creating bean with name &apos;connectionFactory&apos; defined in class path resource [spring/applicationContext-redis.xml]: Invocation of init method failed; nested exception is redis.clients.jedis.exceptions.JedisConnectionException: java.net.SocketTimeoutException: connect timed out
	at org.springframework.beans.factory.support.BeanDefinitionValueResolver.resolveReference(BeanDefinitionValueResolver.java:359)
	at org.springframework.beans.factory.support.BeanDefinitionValueResolver.resolveValueIfNecessary(BeanDefinitionValueResolver.java:108)
	at org.springframework.beans.factory.support.AbstractAutowireCapableBeanFactory.applyPropertyValues(AbstractAutowireCapableBeanFactory.java:1481)
	at org.springframework.beans.factory.support.AbstractAutowireCapableBeanFactory.populateBean(AbstractAutowireCapableBeanFactory.java:1226)
	at org.springframework.beans.factory.support.AbstractAutowireCapableBeanFactory.doCreateBean(AbstractAutowireCapableBeanFactory.java:543)
	at org.springframework.beans.factory.support.AbstractAutowireCapableBeanFactory.createBean(AbstractAutowireCapableBeanFactory.java:482)
	at org.springframework.beans.factory.support.BeanDefinitionValueResolver.resolveInnerBean(BeanDefinitionValueResolver.java:299)
	... 61 more
Caused by: org.springframework.beans.factory.BeanCreationException: Error creating bean with name &apos;redisTemplate&apos; defined in class path resource [spring/applicationContext-redis.xml]: Cannot resolve reference to bean &apos;connectionFactory&apos; while setting bean property &apos;connectionFactory&apos;; nested exception is org.springframework.beans.factory.BeanCreationException: Error creating bean with name &apos;connectionFactory&apos; defined in class path resource [spring/applicationContext-redis.xml]: Invocation of init method failed; nested exception is redis.clients.jedis.exceptions.JedisConnectionException: java.net.SocketTimeoutException: connect timed out
	at org.springframework.beans.factory.support.BeanDefinitionValueResolver.resolveReference(BeanDefinitionValueResolver.java:359)
	at org.springframework.beans.factory.support.BeanDefinitionValueResolver.resolveValueIfNecessary(BeanDefinitionValueResolver.java:108)
	at org.springframework.beans.factory.support.AbstractAutowireCapableBeanFactory.applyPropertyValues(AbstractAutowireCapableBeanFactory.java:1481)
	at org.springframework.beans.factory.support.AbstractAutowireCapableBeanFactory.populateBean(AbstractAutowireCapableBeanFactory.java:1226)
	at org.springframework.beans.factory.support.AbstractAutowireCapableBeanFactory.doCreateBean(AbstractAutowireCapableBeanFactory.java:543)
	at org.springframework.beans.factory.support.AbstractAutowireCapableBeanFactory.createBean(AbstractAutowireCapableBeanFactory.java:482)
	at org.springframework.beans.factory.support.AbstractBeanFactory$1.getObject(AbstractBeanFactory.java:306)
	at org.springframework.beans.factory.support.DefaultSingletonBeanRegistry.getSingleton(DefaultSingletonBeanRegistry.java:230)
	at org.springframework.beans.factory.support.AbstractBeanFactory.doGetBean(AbstractBeanFactory.java:302)
	at org.springframework.beans.factory.support.AbstractBeanFactory.getBean(AbstractBeanFactory.java:197)
	at org.springframework.beans.factory.support.BeanDefinitionValueResolver.resolveReference(BeanDefinitionValueResolver.java:351)
	... 67 more
Caused by: org.springframework.beans.factory.BeanCreationException: Error creating bean with name &apos;connectionFactory&apos; defined in class path resource [spring/applicationContext-redis.xml]: Invocation of init method failed; nested exception is redis.clients.jedis.exceptions.JedisConnectionException: java.net.SocketTimeoutException: connect timed out
	at org.springframework.beans.factory.support.AbstractAutowireCapableBeanFactory.initializeBean(AbstractAutowireCapableBeanFactory.java:1578)
	at org.springframework.beans.factory.support.AbstractAutowireCapableBeanFactory.doCreateBean(AbstractAutowireCapableBeanFactory.java:545)
	at org.springframework.beans.factory.support.AbstractAutowireCapableBeanFactory.createBean(AbstractAutowireCapableBeanFactory.java:482)
	at org.springframework.beans.factory.support.AbstractBeanFactory$1.getObject(AbstractBeanFactory.java:306)
	at org.springframework.beans.factory.support.DefaultSingletonBeanRegistry.getSingleton(DefaultSingletonBeanRegistry.java:230)
	at org.springframework.beans.factory.support.AbstractBeanFactory.doGetBean(AbstractBeanFactory.java:302)
	at org.springframework.beans.factory.support.AbstractBeanFactory.getBean(AbstractBeanFactory.java:197)
	at org.springframework.beans.factory.support.BeanDefinitionValueResolver.resolveReference(BeanDefinitionValueResolver.java:351)
	... 77 more
Caused by: redis.clients.jedis.exceptions.JedisConnectionException: java.net.SocketTimeoutException: connect timed out
	at redis.clients.jedis.Connection.connect(Connection.java:207)
	at redis.clients.jedis.BinaryClient.connect(BinaryClient.java:93)
	at redis.clients.jedis.Connection.sendCommand(Connection.java:126)
	at redis.clients.jedis.Connection.sendCommand(Connection.java:117)
	at redis.clients.jedis.BinaryClient.auth(BinaryClient.java:564)
	at redis.clients.jedis.BinaryJedis.auth(BinaryJedis.java:2138)
	at redis.clients.jedis.JedisClusterConnectionHandler.initializeSlotsCache(JedisClusterConnectionHandler.java:36)
	at redis.clients.jedis.JedisClusterConnectionHandler.&lt;init&gt;(JedisClusterConnectionHandler.java:17)
	at redis.clients.jedis.JedisSlotBasedConnectionHandler.&lt;init&gt;(JedisSlotBasedConnectionHandler.java:24)
	at redis.clients.jedis.BinaryJedisCluster.&lt;init&gt;(BinaryJedisCluster.java:54)
	at redis.clients.jedis.JedisCluster.&lt;init&gt;(JedisCluster.java:93)
	at org.springframework.data.redis.connection.jedis.JedisConnectionFactory.createCluster(JedisConnectionFactory.java:306)
	at org.springframework.data.redis.connection.jedis.JedisConnectionFactory.createCluster(JedisConnectionFactory.java:280)
	at org.springframework.data.redis.connection.jedis.JedisConnectionFactory.afterPropertiesSet(JedisConnectionFactory.java:241)
	at org.springframework.beans.factory.support.AbstractAutowireCapableBeanFactory.invokeInitMethods(AbstractAutowireCapableBeanFactory.java:1637)
	at org.springframework.beans.factory.support.AbstractAutowireCapableBeanFactory.initializeBean(AbstractAutowireCapableBeanFactory.java:1574)
	... 84 more
Caused by: java.net.SocketTimeoutException: connect timed out
	at java.net.DualStackPlainSocketImpl.waitForConnect(Native Method)
	at java.net.DualStackPlainSocketImpl.socketConnect(DualStackPlainSocketImpl.java:85)
	at java.net.AbstractPlainSocketImpl.doConnect(AbstractPlainSocketImpl.java:350)
	at java.net.AbstractPlainSocketImpl.connectToAddress(AbstractPlainSocketImpl.java:206)
	at java.net.AbstractPlainSocketImpl.connect(AbstractPlainSocketImpl.java:188)
	at java.net.PlainSocketImpl.connect(PlainSocketImpl.java:172)
	at java.net.SocksSocketImpl.connect(SocksSocketImpl.java:392)
	at java.net.Socket.connect(Socket.java:589)
	at redis.clients.jedis.Connection.connect(Connection.java:184)
	... 99 more
</error>
    <system-out>2017-11-08 17:20:35 [DEBUG]-[org.springframework.test.context.junit4.SpringJUnit4ClassRunner] SpringJUnit4ClassRunner constructor called with [class com.redis.controller.StudentControllerTest]
  2017-11-08 17:20:35 [DEBUG]-[org.springframework.test.context.BootstrapUtils] Instantiating CacheAwareContextLoaderDelegate from class [org.springframework.test.context.cache.DefaultCacheAwareContextLoaderDelegate]
  2017-11-08 17:20:36 [DEBUG]-[org.springframework.test.context.BootstrapUtils] Instantiating BootstrapContext using constructor [public org.springframework.test.context.support.DefaultBootstrapContext(java.lang.Class,org.springframework.test.context.CacheAwareContextLoaderDelegate)]
  2017-11-08 17:20:36 [DEBUG]-[org.springframework.test.context.BootstrapUtils] Instantiating TestContextBootstrapper for test class [com.redis.controller.StudentControllerTest] from class [org.springframework.test.context.support.DefaultTestContextBootstrapper]
  2017-11-08 17:20:36 [DEBUG]-[org.springframework.test.context.support.AbstractDelegatingSmartContextLoader] Delegating to GenericXmlContextLoader to process context configuration [ContextConfigurationAttributes@cb5822 declaringClass = &apos;com.redis.controller.StudentControllerTest&apos;, classes = &apos;{}&apos;, locations = &apos;{classpath:/spring/applicationContext-dao.xml, classpath:/spring/applicationContext-redis.xml, classpath:/spring/applicationContext-service.xml}&apos;, inheritLocations = true, initializers = &apos;{}&apos;, inheritInitializers = true, name = [null], contextLoaderClass = &apos;org.springframework.test.context.ContextLoader&apos;].
  2017-11-08 17:20:36 [DEBUG]-[org.springframework.test.context.support.ActiveProfilesUtils] Could not find an &apos;annotation declaring class&apos; for annotation type [org.springframework.test.context.ActiveProfiles] and class [com.redis.controller.StudentControllerTest]
  2017-11-08 17:20:36 [DEBUG]-[org.springframework.test.context.support.DefaultTestContextBootstrapper] @TestExecutionListeners is not present for class [com.redis.controller.StudentControllerTest]: using defaults.
  2017-11-08 17:20:36 [INFO]-[org.springframework.test.context.support.DefaultTestContextBootstrapper] Loaded default TestExecutionListener class names from location [META-INF/spring.factories]: [org.springframework.test.context.web.ServletTestExecutionListener, org.springframework.test.context.support.DirtiesContextBeforeModesTestExecutionListener, org.springframework.test.context.support.DependencyInjectionTestExecutionListener, org.springframework.test.context.support.DirtiesContextTestExecutionListener, org.springframework.test.context.transaction.TransactionalTestExecutionListener, org.springframework.test.context.jdbc.SqlScriptsTestExecutionListener]
  2017-11-08 17:20:36 [INFO]-[org.springframework.test.context.support.DefaultTestContextBootstrapper] Using TestExecutionListeners: [org.springframework.test.context.web.ServletTestExecutionListener@185d8b6, org.springframework.test.context.support.DirtiesContextBeforeModesTestExecutionListener@67784306, org.springframework.test.context.support.DependencyInjectionTestExecutionListener@335eadca, org.springframework.test.context.support.DirtiesContextTestExecutionListener@210366b4, org.springframework.test.context.transaction.TransactionalTestExecutionListener@eec5a4a, org.springframework.test.context.jdbc.SqlScriptsTestExecutionListener@2b2948e2]
  2017-11-08 17:20:36 [DEBUG]-[org.springframework.test.annotation.ProfileValueUtils] Retrieved @ProfileValueSourceConfiguration [null] for test class [com.redis.controller.StudentControllerTest]
  2017-11-08 17:20:36 [DEBUG]-[org.springframework.test.annotation.ProfileValueUtils] Retrieved ProfileValueSource type [class org.springframework.test.annotation.SystemProfileValueSource] for class [com.redis.controller.StudentControllerTest]
  2017-11-08 17:20:36 [DEBUG]-[org.springframework.test.annotation.ProfileValueUtils] Retrieved @ProfileValueSourceConfiguration [null] for test class [com.redis.controller.StudentControllerTest]
  2017-11-08 17:20:36 [DEBUG]-[org.springframework.test.annotation.ProfileValueUtils] Retrieved ProfileValueSource type [class org.springframework.test.annotation.SystemProfileValueSource] for class [com.redis.controller.StudentControllerTest]
  2017-11-08 17:20:36 [DEBUG]-[org.springframework.test.context.support.AbstractDirtiesContextTestExecutionListener] Before test class: context [DefaultTestContext@5b87ed94 testClass = StudentControllerTest, testInstance = [null], testMethod = [null], testException = [null], mergedContextConfiguration = [MergedContextConfiguration@6e0e048a testClass = StudentControllerTest, locations = &apos;{classpath:/spring/applicationContext-dao.xml, classpath:/spring/applicationContext-redis.xml, classpath:/spring/applicationContext-service.xml}&apos;, classes = &apos;{}&apos;, contextInitializerClasses = &apos;[]&apos;, activeProfiles = &apos;{}&apos;, propertySourceLocations = &apos;{}&apos;, propertySourceProperties = &apos;{}&apos;, contextCustomizers = set[[empty]], contextLoader = &apos;org.springframework.test.context.support.DelegatingSmartContextLoader&apos;, parent = [null]]], class annotated with @DirtiesContext [false] with mode [null].
  2017-11-08 17:20:36 [DEBUG]-[org.springframework.test.annotation.ProfileValueUtils] Retrieved @ProfileValueSourceConfiguration [null] for test class [com.redis.controller.StudentControllerTest]
  2017-11-08 17:20:36 [DEBUG]-[org.springframework.test.annotation.ProfileValueUtils] Retrieved ProfileValueSource type [class org.springframework.test.annotation.SystemProfileValueSource] for class [com.redis.controller.StudentControllerTest]
  2017-11-08 17:20:36 [DEBUG]-[org.springframework.test.context.support.DependencyInjectionTestExecutionListener] Performing dependency injection for test context [[DefaultTestContext@5b87ed94 testClass = StudentControllerTest, testInstance = com.redis.controller.StudentControllerTest@1f36e637, testMethod = [null], testException = [null], mergedContextConfiguration = [MergedContextConfiguration@6e0e048a testClass = StudentControllerTest, locations = &apos;{classpath:/spring/applicationContext-dao.xml, classpath:/spring/applicationContext-redis.xml, classpath:/spring/applicationContext-service.xml}&apos;, classes = &apos;{}&apos;, contextInitializerClasses = &apos;[]&apos;, activeProfiles = &apos;{}&apos;, propertySourceLocations = &apos;{}&apos;, propertySourceProperties = &apos;{}&apos;, contextCustomizers = set[[empty]], contextLoader = &apos;org.springframework.test.context.support.DelegatingSmartContextLoader&apos;, parent = [null]]]].
  2017-11-08 17:20:36 [DEBUG]-[org.springframework.test.context.support.AbstractDelegatingSmartContextLoader] Delegating to GenericXmlContextLoader to load context from [MergedContextConfiguration@6e0e048a testClass = StudentControllerTest, locations = &apos;{classpath:/spring/applicationContext-dao.xml, classpath:/spring/applicationContext-redis.xml, classpath:/spring/applicationContext-service.xml}&apos;, classes = &apos;{}&apos;, contextInitializerClasses = &apos;[]&apos;, activeProfiles = &apos;{}&apos;, propertySourceLocations = &apos;{}&apos;, propertySourceProperties = &apos;{}&apos;, contextCustomizers = set[[empty]], contextLoader = &apos;org.springframework.test.context.support.DelegatingSmartContextLoader&apos;, parent = [null]].
  2017-11-08 17:20:36 [DEBUG]-[org.springframework.test.context.support.AbstractGenericContextLoader] Loading ApplicationContext for merged context configuration [[MergedContextConfiguration@6e0e048a testClass = StudentControllerTest, locations = &apos;{classpath:/spring/applicationContext-dao.xml, classpath:/spring/applicationContext-redis.xml, classpath:/spring/applicationContext-service.xml}&apos;, classes = &apos;{}&apos;, contextInitializerClasses = &apos;[]&apos;, activeProfiles = &apos;{}&apos;, propertySourceLocations = &apos;{}&apos;, propertySourceProperties = &apos;{}&apos;, contextCustomizers = set[[empty]], contextLoader = &apos;org.springframework.test.context.support.DelegatingSmartContextLoader&apos;, parent = [null]]].
  2017-11-08 17:20:36 [DEBUG]-[org.springframework.core.env.StandardEnvironment] Adding [systemProperties] PropertySource with lowest search precedence
  2017-11-08 17:20:36 [DEBUG]-[org.springframework.core.env.StandardEnvironment] Adding [systemEnvironment] PropertySource with lowest search precedence
  2017-11-08 17:20:36 [DEBUG]-[org.springframework.core.env.StandardEnvironment] Initialized StandardEnvironment with PropertySources [systemProperties,systemEnvironment]
  2017-11-08 17:20:36 [INFO]-[org.springframework.beans.factory.xml.XmlBeanDefinitionReader] Loading XML bean definitions from class path resource [spring/applicationContext-dao.xml]
  2017-11-08 17:20:36 [DEBUG]-[org.springframework.beans.factory.xml.DefaultDocumentLoader] Using JAXP provider [com.sun.org.apache.xerces.internal.jaxp.DocumentBuilderFactoryImpl]
  2017-11-08 17:20:36 [DEBUG]-[org.springframework.beans.factory.xml.PluggableSchemaResolver] Loading schema mappings from [META-INF/spring.schemas]
  2017-11-08 17:20:36 [DEBUG]-[org.springframework.beans.factory.xml.PluggableSchemaResolver] Loaded schema mappings: {http://www.springframework.org/schema/tx/spring-tx-4.3.xsd=org/springframework/transaction/config/spring-tx-4.3.xsd, http://www.springframework.org/schema/tx/spring-tx-2.5.xsd=org/springframework/transaction/config/spring-tx-2.5.xsd, http://www.springframework.org/schema/cache/spring-cache-4.2.xsd=org/springframework/cache/config/spring-cache-4.2.xsd, http://www.springframework.org/schema/aop/spring-aop-4.1.xsd=org/springframework/aop/config/spring-aop-4.1.xsd, http://www.springframework.org/schema/context/spring-context-3.1.xsd=org/springframework/context/config/spring-context-3.1.xsd, http://www.springframework.org/schema/data/repository/spring-repository-1.4.xsd=org/springframework/data/repository/config/spring-repository-1.4.xsd, http://www.springframework.org/schema/jdbc/spring-jdbc-4.1.xsd=org/springframework/jdbc/config/spring-jdbc-4.1.xsd, http://www.springframework.org/schema/mvc/spring-mvc-4.1.xsd=org/springframework/web/servlet/config/spring-mvc-4.1.xsd, http://www.springframework.org/schema/util/spring-util-3.0.xsd=org/springframework/beans/factory/xml/spring-util-3.0.xsd, http://mybatis.org/schema/mybatis-spring-1.2.xsd=org/mybatis/spring/config/mybatis-spring-1.2.xsd, http://www.springframework.org/schema/tool/spring-tool.xsd=org/springframework/beans/factory/xml/spring-tool-4.3.xsd, http://www.springframework.org/schema/aop/spring-aop-3.2.xsd=org/springframework/aop/config/spring-aop-3.2.xsd, http://www.springframework.org/schema/redis/spring-redis.xsd=org/springframework/data/redis/config/spring-redis-1.0.xsd, http://www.springframework.org/schema/lang/spring-lang-4.1.xsd=org/springframework/scripting/config/spring-lang-4.1.xsd, http://www.springframework.org/schema/context/spring-context-4.0.xsd=org/springframework/context/config/spring-context-4.0.xsd, http://www.springframework.org/schema/mvc/spring-mvc-3.2.xsd=org/springframework/web/servlet/config/spring-mvc-3.2.xsd, http://www.springframework.org/schema/beans/spring-beans-4.2.xsd=org/springframework/beans/factory/xml/spring-beans-4.2.xsd, http://www.springframework.org/schema/oxm/spring-oxm-3.0.xsd=org/springframework/oxm/config/spring-oxm-3.0.xsd, http://www.springframework.org/schema/tool/spring-tool-4.1.xsd=org/springframework/beans/factory/xml/spring-tool-4.1.xsd, http://www.springframework.org/schema/lang/spring-lang-3.2.xsd=org/springframework/scripting/config/spring-lang-3.2.xsd, http://www.springframework.org/schema/cache/spring-cache-3.2.xsd=org/springframework/cache/config/spring-cache-3.2.xsd, http://www.springframework.org/schema/jee/spring-jee-4.1.xsd=org/springframework/ejb/config/spring-jee-4.1.xsd, http://www.springframework.org/schema/jdbc/spring-jdbc-3.1.xsd=org/springframework/jdbc/config/spring-jdbc-3.1.xsd, http://www.springframework.org/schema/util/spring-util-2.0.xsd=org/springframework/beans/factory/xml/spring-util-2.0.xsd, http://www.springframework.org/schema/task/spring-task-4.2.xsd=org/springframework/scheduling/config/spring-task-4.2.xsd, http://www.springframework.org/schema/tool/spring-tool-3.2.xsd=org/springframework/beans/factory/xml/spring-tool-3.2.xsd, http://www.springframework.org/schema/context/spring-context.xsd=org/springframework/context/config/spring-context-4.3.xsd, http://www.springframework.org/schema/tx/spring-tx-4.2.xsd=org/springframework/transaction/config/spring-tx-4.2.xsd, http://www.springframework.org/schema/cache/spring-cache-4.1.xsd=org/springframework/cache/config/spring-cache-4.1.xsd, http://www.springframework.org/schema/aop/spring-aop-4.0.xsd=org/springframework/aop/config/spring-aop-4.0.xsd, http://www.springframework.org/schema/jee/spring-jee-3.2.xsd=org/springframework/ejb/config/spring-jee-3.2.xsd, http://www.springframework.org/schema/context/spring-context-3.0.xsd=org/springframework/context/config/spring-context-3.0.xsd, http://www.springframework.org/schema/jdbc/spring-jdbc-4.0.xsd=org/springframework/jdbc/config/spring-jdbc-4.0.xsd, http://www.springframework.org/schema/mvc/spring-mvc-4.0.xsd=org/springframework/web/servlet/config/spring-mvc-4.0.xsd, http://www.springframework.org/schema/util/spring-util-4.3.xsd=org/springframework/beans/factory/xml/spring-util-4.3.xsd, http://www.springframework.org/schema/util/spring-util-2.5.xsd=org/springframework/beans/factory/xml/spring-util-2.5.xsd, http://www.springframework.org/schema/beans/spring-beans-3.2.xsd=org/springframework/beans/factory/xml/spring-beans-3.2.xsd, http://www.springframework.org/schema/aop/spring-aop-3.1.xsd=org/springframework/aop/config/spring-aop-3.1.xsd, http://www.springframework.org/schema/lang/spring-lang-4.0.xsd=org/springframework/scripting/config/spring-lang-4.0.xsd, http://www.springframework.org/schema/data/repository/spring-repository-1.8.xsd=org/springframework/data/repository/config/spring-repository-1.8.xsd, http://www.springframework.org/schema/mvc/spring-mvc.xsd=org/springframework/web/servlet/config/spring-mvc-4.3.xsd, http://www.springframework.org/schema/mvc/spring-mvc-3.1.xsd=org/springframework/web/servlet/config/spring-mvc-3.1.xsd, http://www.springframework.org/schema/beans/spring-beans-4.1.xsd=org/springframework/beans/factory/xml/spring-beans-4.1.xsd, http://www.springframework.org/schema/oxm/spring-oxm-4.3.xsd=org/springframework/oxm/config/spring-oxm-4.3.xsd, http://www.springframework.org/schema/redis/spring-redis-1.0.xsd=org/springframework/data/redis/config/spring-redis-1.0.xsd, http://www.springframework.org/schema/tool/spring-tool-4.0.xsd=org/springframework/beans/factory/xml/spring-tool-4.0.xsd, http://www.springframework.org/schema/tx/spring-tx-3.2.xsd=org/springframework/transaction/config/spring-tx-3.2.xsd, http://www.springframework.org/schema/lang/spring-lang-3.1.xsd=org/springframework/scripting/config/spring-lang-3.1.xsd, http://www.springframework.org/schema/cache/spring-cache-3.1.xsd=org/springframework/cache/config/spring-cache-3.1.xsd, http://www.springframework.org/schema/jee/spring-jee-4.0.xsd=org/springframework/ejb/config/spring-jee-4.0.xsd, http://www.springframework.org/schema/jdbc/spring-jdbc-3.0.xsd=org/springframework/jdbc/config/spring-jdbc-3.0.xsd, http://www.springframework.org/schema/task/spring-task-4.1.xsd=org/springframework/scheduling/config/spring-task-4.1.xsd, http://www.springframework.org/schema/jdbc/spring-jdbc.xsd=org/springframework/jdbc/config/spring-jdbc-4.3.xsd, http://www.springframework.org/schema/tool/spring-tool-3.1.xsd=org/springframework/beans/factory/xml/spring-tool-3.1.xsd, http://www.springframework.org/schema/tx/spring-tx-4.1.xsd=org/springframework/transaction/config/spring-tx-4.1.xsd, http://www.springframework.org/schema/cache/spring-cache-4.0.xsd=org/springframework/cache/config/spring-cache-4.0.xsd, http://www.springframework.org/schema/jee/spring-jee-3.1.xsd=org/springframework/ejb/config/spring-jee-3.1.xsd, http://www.springframework.org/schema/util/spring-util-4.2.xsd=org/springframework/beans/factory/xml/spring-util-4.2.xsd, http://www.springframework.org/schema/task/spring-task-3.2.xsd=org/springframework/scheduling/config/spring-task-3.2.xsd, http://www.springframework.org/schema/beans/spring-beans-3.1.xsd=org/springframework/beans/factory/xml/spring-beans-3.1.xsd, http://www.springframework.org/schema/util/spring-util.xsd=org/springframework/beans/factory/xml/spring-util-4.3.xsd, http://www.springframework.org/schema/aop/spring-aop-3.0.xsd=org/springframework/aop/config/spring-aop-3.0.xsd, http://www.springframework.org/schema/data/repository/spring-repository.xsd=org/springframework/data/repository/config/spring-repository-1.11.xsd, http://www.springframework.org/schema/data/repository/spring-repository-1.7.xsd=org/springframework/data/repository/config/spring-repository-1.7.xsd, http://www.springframework.org/schema/mvc/spring-mvc-3.0.xsd=org/springframework/web/servlet/config/spring-mvc-3.0.xsd, http://www.springframework.org/schema/beans/spring-beans-4.0.xsd=org/springframework/beans/factory/xml/spring-beans-4.0.xsd, http://www.springframework.org/schema/oxm/spring-oxm-4.2.xsd=org/springframework/oxm/config/spring-oxm-4.2.xsd, http://www.springframework.org/schema/beans/spring-beans.xsd=org/springframework/beans/factory/xml/spring-beans-4.3.xsd, http://mybatis.org/schema/mybatis-spring.xsd=org/mybatis/spring/config/mybatis-spring-1.2.xsd, http://www.springframework.org/schema/tx/spring-tx-3.1.xsd=org/springframework/transaction/config/spring-tx-3.1.xsd, http://www.springframework.org/schema/lang/spring-lang-3.0.xsd=org/springframework/scripting/config/spring-lang-3.0.xsd, http://www.springframework.org/schema/context/spring-context-2.5.xsd=org/springframework/context/config/spring-context-2.5.xsd, http://www.springframework.org/schema/context/spring-context-4.3.xsd=org/springframework/context/config/spring-context-4.3.xsd, http://www.springframework.org/schema/task/spring-task-4.0.xsd=org/springframework/scheduling/config/spring-task-4.0.xsd, http://www.springframework.org/schema/tool/spring-tool-3.0.xsd=org/springframework/beans/factory/xml/spring-tool-3.0.xsd, http://www.springframework.org/schema/tx/spring-tx-4.0.xsd=org/springframework/transaction/config/spring-tx-4.0.xsd, http://www.springframework.org/schema/aop/spring-aop-2.0.xsd=org/springframework/aop/config/spring-aop-2.0.xsd, http://www.springframework.org/schema/jee/spring-jee-3.0.xsd=org/springframework/ejb/config/spring-jee-3.0.xsd, http://www.springframework.org/schema/util/spring-util-4.1.xsd=org/springframework/beans/factory/xml/spring-util-4.1.xsd, http://www.springframework.org/schema/task/spring-task-3.1.xsd=org/springframework/scheduling/config/spring-task-3.1.xsd, http://www.springframework.org/schema/beans/spring-beans-3.0.xsd=org/springframework/beans/factory/xml/spring-beans-3.0.xsd, http://www.springframework.org/schema/jee/spring-jee.xsd=org/springframework/ejb/config/spring-jee-4.3.xsd, http://www.springframework.org/schema/aop/spring-aop-2.5.xsd=org/springframework/aop/config/spring-aop-2.5.xsd, http://www.springframework.org/schema/aop/spring-aop-4.3.xsd=org/springframework/aop/config/spring-aop-4.3.xsd, http://www.springframework.org/schema/lang/spring-lang-2.0.xsd=org/springframework/scripting/config/spring-lang-2.0.xsd, http://www.springframework.org/schema/data/repository/spring-repository-1.6.xsd=org/springframework/data/repository/config/spring-repository-1.6.xsd, http://www.springframework.org/schema/jdbc/spring-jdbc-4.3.xsd=org/springframework/jdbc/config/spring-jdbc-4.3.xsd, http://www.springframework.org/schema/oxm/spring-oxm.xsd=org/springframework/oxm/config/spring-oxm-4.3.xsd, http://www.springframework.org/schema/mvc/spring-mvc-4.3.xsd=org/springframework/web/servlet/config/spring-mvc-4.3.xsd, http://www.springframework.org/schema/util/spring-util-3.2.xsd=org/springframework/beans/factory/xml/spring-util-3.2.xsd, http://www.springframework.org/schema/oxm/spring-oxm-4.1.xsd=org/springframework/oxm/config/spring-oxm-4.1.xsd, http://www.springframework.org/schema/task/spring-task.xsd=org/springframework/scheduling/config/spring-task-4.3.xsd, http://www.springframework.org/schema/tool/spring-tool-2.0.xsd=org/springframework/beans/factory/xml/spring-tool-2.0.xsd, http://www.springframework.org/schema/tx/spring-tx-3.0.xsd=org/springframework/transaction/config/spring-tx-3.0.xsd, http://www.springframework.org/schema/lang/spring-lang-2.5.xsd=org/springframework/scripting/config/spring-lang-2.5.xsd, http://www.springframework.org/schema/lang/spring-lang-4.3.xsd=org/springframework/scripting/config/spring-lang-4.3.xsd, http://www.springframework.org/schema/context/spring-context-4.2.xsd=org/springframework/context/config/spring-context-4.2.xsd, http://www.springframework.org/schema/jee/spring-jee-2.0.xsd=org/springframework/ejb/config/spring-jee-2.0.xsd, http://www.springframework.org/schema/oxm/spring-oxm-3.2.xsd=org/springframework/oxm/config/spring-oxm-3.2.xsd, http://www.springframework.org/schema/tool/spring-tool-4.3.xsd=org/springframework/beans/factory/xml/spring-tool-4.3.xsd, http://www.springframework.org/schema/tool/spring-tool-2.5.xsd=org/springframework/beans/factory/xml/spring-tool-2.5.xsd, http://www.springframework.org/schema/jee/spring-jee-4.3.xsd=org/springframework/ejb/config/spring-jee-4.3.xsd, http://www.springframework.org/schema/jee/spring-jee-2.5.xsd=org/springframework/ejb/config/spring-jee-2.5.xsd, http://www.springframework.org/schema/data/repository/spring-repository-1.0.xsd=org/springframework/data/repository/config/spring-repository-1.0.xsd, http://www.springframework.org/schema/util/spring-util-4.0.xsd=org/springframework/beans/factory/xml/spring-util-4.0.xsd, http://www.springframework.org/schema/task/spring-task-3.0.xsd=org/springframework/scheduling/config/spring-task-3.0.xsd, http://www.springframework.org/schema/cache/spring-cache-4.3.xsd=org/springframework/cache/config/spring-cache-4.3.xsd, http://www.springframework.org/schema/aop/spring-aop-4.2.xsd=org/springframework/aop/config/spring-aop-4.2.xsd, http://www.springframework.org/schema/lang/spring-lang.xsd=org/springframework/scripting/config/spring-lang-4.3.xsd, http://www.springframework.org/schema/context/spring-context-3.2.xsd=org/springframework/context/config/spring-context-3.2.xsd, http://www.springframework.org/schema/data/repository/spring-repository-1.5.xsd=org/springframework/data/repository/config/spring-repository-1.5.xsd, http://www.springframework.org/schema/jdbc/spring-jdbc-4.2.xsd=org/springframework/jdbc/config/spring-jdbc-4.2.xsd, http://www.springframework.org/schema/mvc/spring-mvc-4.2.xsd=org/springframework/web/servlet/config/spring-mvc-4.2.xsd, http://www.springframework.org/schema/util/spring-util-3.1.xsd=org/springframework/beans/factory/xml/spring-util-3.1.xsd, http://www.springframework.org/schema/beans/spring-beans-2.0.xsd=org/springframework/beans/factory/xml/spring-beans-2.0.xsd, http://www.springframework.org/schema/oxm/spring-oxm-4.0.xsd=org/springframework/oxm/config/spring-oxm-4.0.xsd, http://www.springframework.org/schema/cache/spring-cache.xsd=org/springframework/cache/config/spring-cache-4.3.xsd, http://www.springframework.org/schema/tx/spring-tx.xsd=org/springframework/transaction/config/spring-tx-4.3.xsd, http://www.springframework.org/schema/lang/spring-lang-4.2.xsd=org/springframework/scripting/config/spring-lang-4.2.xsd, http://www.springframework.org/schema/context/spring-context-4.1.xsd=org/springframework/context/config/spring-context-4.1.xsd, http://www.springframework.org/schema/beans/spring-beans-2.5.xsd=org/springframework/beans/factory/xml/spring-beans-2.5.xsd, http://www.springframework.org/schema/beans/spring-beans-4.3.xsd=org/springframework/beans/factory/xml/spring-beans-4.3.xsd, http://www.springframework.org/schema/oxm/spring-oxm-3.1.xsd=org/springframework/oxm/config/spring-oxm-3.1.xsd, http://www.springframework.org/schema/tool/spring-tool-4.2.xsd=org/springframework/beans/factory/xml/spring-tool-4.2.xsd, http://www.springframework.org/schema/tx/spring-tx-2.0.xsd=org/springframework/transaction/config/spring-tx-2.0.xsd, http://www.springframework.org/schema/data/repository/spring-repository-1.11.xsd=org/springframework/data/repository/config/spring-repository-1.11.xsd, http://www.springframework.org/schema/jee/spring-jee-4.2.xsd=org/springframework/ejb/config/spring-jee-4.2.xsd, http://www.springframework.org/schema/jdbc/spring-jdbc-3.2.xsd=org/springframework/jdbc/config/spring-jdbc-3.2.xsd, http://www.springframework.org/schema/task/spring-task-4.3.xsd=org/springframework/scheduling/config/spring-task-4.3.xsd, http://www.springframework.org/schema/aop/spring-aop.xsd=org/springframework/aop/config/spring-aop-4.3.xsd}
  2017-11-08 17:20:36 [DEBUG]-[org.springframework.beans.factory.xml.PluggableSchemaResolver] Found XML schema [http://www.springframework.org/schema/beans/spring-beans-4.0.xsd] in classpath: org/springframework/beans/factory/xml/spring-beans-4.0.xsd
  2017-11-08 17:20:36 [DEBUG]-[org.springframework.beans.factory.xml.PluggableSchemaResolver] Found XML schema [http://www.springframework.org/schema/context/spring-context-4.0.xsd] in classpath: org/springframework/context/config/spring-context-4.0.xsd
  2017-11-08 17:20:36 [DEBUG]-[org.springframework.beans.factory.xml.PluggableSchemaResolver] Found XML schema [http://www.springframework.org/schema/tool/spring-tool-4.0.xsd] in classpath: org/springframework/beans/factory/xml/spring-tool-4.0.xsd
  2017-11-08 17:20:36 [DEBUG]-[org.springframework.beans.factory.xml.DefaultBeanDefinitionDocumentReader] Loading bean definitions
  2017-11-08 17:20:36 [DEBUG]-[org.springframework.beans.factory.xml.DefaultNamespaceHandlerResolver] Loaded NamespaceHandler mappings: {http://www.springframework.org/schema/p=org.springframework.beans.factory.xml.SimplePropertyNamespaceHandler, http://www.springframework.org/schema/mvc=org.springframework.web.servlet.config.MvcNamespaceHandler, http://www.springframework.org/schema/util=org.springframework.beans.factory.xml.UtilNamespaceHandler, http://www.springframework.org/schema/jee=org.springframework.ejb.config.JeeNamespaceHandler, http://www.springframework.org/schema/aop=org.springframework.aop.config.AopNamespaceHandler, http://www.springframework.org/schema/oxm=org.springframework.oxm.config.OxmNamespaceHandler, http://www.springframework.org/schema/data/repository=org.springframework.data.repository.config.RepositoryNameSpaceHandler, http://www.springframework.org/schema/redis=org.springframework.data.redis.config.RedisNamespaceHandler, http://www.springframework.org/schema/jdbc=org.springframework.jdbc.config.JdbcNamespaceHandler, http://www.springframework.org/schema/cache=org.springframework.cache.config.CacheNamespaceHandler, http://mybatis.org/schema/mybatis-spring=org.mybatis.spring.config.NamespaceHandler, http://www.springframework.org/schema/c=org.springframework.beans.factory.xml.SimpleConstructorNamespaceHandler, http://www.springframework.org/schema/tx=org.springframework.transaction.config.TxNamespaceHandler, http://www.springframework.org/schema/task=org.springframework.scheduling.config.TaskNamespaceHandler, http://www.springframework.org/schema/lang=org.springframework.scripting.config.LangNamespaceHandler, http://www.springframework.org/schema/data/keyvalue=org.springframework.data.keyvalue.repository.config.KeyValueRepositoryNameSpaceHandler, http://www.springframework.org/schema/context=org.springframework.context.config.ContextNamespaceHandler}
  2017-11-08 17:20:36 [DEBUG]-[org.springframework.beans.factory.xml.BeanDefinitionParserDelegate] Neither XML &apos;id&apos; nor &apos;name&apos; specified - using generated bean name [org.mybatis.spring.mapper.MapperScannerConfigurer#0]
  2017-11-08 17:20:36 [DEBUG]-[org.springframework.beans.factory.xml.XmlBeanDefinitionReader] Loaded 4 bean definitions from location pattern [classpath:/spring/applicationContext-dao.xml]
  2017-11-08 17:20:36 [INFO]-[org.springframework.beans.factory.xml.XmlBeanDefinitionReader] Loading XML bean definitions from class path resource [spring/applicationContext-redis.xml]
  2017-11-08 17:20:36 [DEBUG]-[org.springframework.beans.factory.xml.DefaultDocumentLoader] Using JAXP provider [com.sun.org.apache.xerces.internal.jaxp.DocumentBuilderFactoryImpl]
  2017-11-08 17:20:36 [DEBUG]-[org.springframework.beans.factory.xml.PluggableSchemaResolver] Found XML schema [http://www.springframework.org/schema/beans/spring-beans-4.3.xsd] in classpath: org/springframework/beans/factory/xml/spring-beans-4.3.xsd
  2017-11-08 17:20:36 [DEBUG]-[org.springframework.beans.factory.xml.PluggableSchemaResolver] Found XML schema [http://www.springframework.org/schema/cache/spring-cache-4.3.xsd] in classpath: org/springframework/cache/config/spring-cache-4.3.xsd
  2017-11-08 17:20:36 [DEBUG]-[org.springframework.beans.factory.xml.PluggableSchemaResolver] Found XML schema [http://www.springframework.org/schema/tool/spring-tool-4.3.xsd] in classpath: org/springframework/beans/factory/xml/spring-tool-4.3.xsd
  2017-11-08 17:20:36 [DEBUG]-[org.springframework.beans.factory.xml.DefaultBeanDefinitionDocumentReader] Loading bean definitions
  2017-11-08 17:20:36 [DEBUG]-[org.springframework.beans.factory.xml.BeanDefinitionParserDelegate] Neither XML &apos;id&apos; nor &apos;name&apos; specified - using generated bean name [org.springframework.data.redis.serializer.StringRedisSerializer#2cbb3d47]
  2017-11-08 17:20:36 [DEBUG]-[org.springframework.beans.factory.xml.BeanDefinitionParserDelegate] Neither XML &apos;id&apos; nor &apos;name&apos; specified - using generated bean name [org.springframework.data.redis.serializer.JdkSerializationRedisSerializer#527e5409]
  2017-11-08 17:20:36 [DEBUG]-[org.springframework.beans.factory.xml.BeanDefinitionParserDelegate] Neither XML &apos;id&apos; nor &apos;name&apos; specified - using generated bean name [org.springframework.data.redis.serializer.StringRedisSerializer#1198b989]
  2017-11-08 17:20:36 [DEBUG]-[org.springframework.beans.factory.xml.BeanDefinitionParserDelegate] Neither XML &apos;id&apos; nor &apos;name&apos; specified - using generated bean name [org.springframework.data.redis.serializer.JdkSerializationRedisSerializer#7ff95560]
  2017-11-08 17:20:36 [DEBUG]-[org.springframework.beans.factory.xml.BeanDefinitionParserDelegate] Neither XML &apos;id&apos; nor &apos;name&apos; specified - using generated bean name [com.redis.redis.RedisCache#7ea37dbf]
  2017-11-08 17:20:36 [DEBUG]-[org.springframework.beans.factory.xml.XmlBeanDefinitionReader] Loaded 11 bean definitions from location pattern [classpath:/spring/applicationContext-redis.xml]
  2017-11-08 17:20:36 [INFO]-[org.springframework.beans.factory.xml.XmlBeanDefinitionReader] Loading XML bean definitions from class path resource [spring/applicationContext-service.xml]
  2017-11-08 17:20:36 [DEBUG]-[org.springframework.beans.factory.xml.DefaultDocumentLoader] Using JAXP provider [com.sun.org.apache.xerces.internal.jaxp.DocumentBuilderFactoryImpl]
  2017-11-08 17:20:36 [DEBUG]-[org.springframework.beans.factory.xml.PluggableSchemaResolver] Found XML schema [http://www.springframework.org/schema/beans/spring-beans-4.0.xsd] in classpath: org/springframework/beans/factory/xml/spring-beans-4.0.xsd
  2017-11-08 17:20:36 [DEBUG]-[org.springframework.beans.factory.xml.PluggableSchemaResolver] Found XML schema [http://www.springframework.org/schema/context/spring-context-4.0.xsd] in classpath: org/springframework/context/config/spring-context-4.0.xsd
  2017-11-08 17:20:36 [DEBUG]-[org.springframework.beans.factory.xml.PluggableSchemaResolver] Found XML schema [http://www.springframework.org/schema/tool/spring-tool-4.0.xsd] in classpath: org/springframework/beans/factory/xml/spring-tool-4.0.xsd
  2017-11-08 17:20:36 [DEBUG]-[org.springframework.beans.factory.xml.PluggableSchemaResolver] Found XML schema [http://www.springframework.org/schema/tx/spring-tx-4.0.xsd] in classpath: org/springframework/transaction/config/spring-tx-4.0.xsd
  2017-11-08 17:20:36 [DEBUG]-[org.springframework.beans.factory.xml.PluggableSchemaResolver] Found XML schema [http://www.springframework.org/schema/aop/spring-aop-4.0.xsd] in classpath: org/springframework/aop/config/spring-aop-4.0.xsd
  2017-11-08 17:20:36 [DEBUG]-[org.springframework.beans.factory.xml.DefaultBeanDefinitionDocumentReader] Loading bean definitions
  2017-11-08 17:20:36 [DEBUG]-[org.springframework.core.io.support.PathMatchingResourcePatternResolver] Resolved classpath location [com/redis/service/] to resources [URL [file:/E:/spring_boot/redis-spring/target/classes/com/redis/service/]]
  2017-11-08 17:20:36 [DEBUG]-[org.springframework.core.io.support.PathMatchingResourcePatternResolver] Looking for matching resources in directory tree [E:\spring_boot\redis-spring\target\classes\com\redis\service]
  2017-11-08 17:20:36 [DEBUG]-[org.springframework.core.io.support.PathMatchingResourcePatternResolver] Searching directory [E:\spring_boot\redis-spring\target\classes\com\redis\service] for files matching pattern [E:/spring_boot/redis-spring/target/classes/com/redis/service/**/*.class]
  2017-11-08 17:20:36 [DEBUG]-[org.springframework.core.io.support.PathMatchingResourcePatternResolver] Searching directory [E:\spring_boot\redis-spring\target\classes\com\redis\service\impl] for files matching pattern [E:/spring_boot/redis-spring/target/classes/com/redis/service/**/*.class]
  2017-11-08 17:20:36 [DEBUG]-[org.springframework.core.io.support.PathMatchingResourcePatternResolver] Resolved location pattern [classpath*:com/redis/service/**/*.class] to resources [file [E:\spring_boot\redis-spring\target\classes\com\redis\service\impl\StudentServiceImpl.class], file [E:\spring_boot\redis-spring\target\classes\com\redis\service\StudentService.class]]
  2017-11-08 17:20:36 [DEBUG]-[org.springframework.context.annotation.ClassPathBeanDefinitionScanner] Identified candidate component class: file [E:\spring_boot\redis-spring\target\classes\com\redis\service\impl\StudentServiceImpl.class]
  2017-11-08 17:20:36 [DEBUG]-[org.springframework.beans.factory.xml.XmlBeanDefinitionReader] Loaded 10 bean definitions from location pattern [classpath:/spring/applicationContext-service.xml]
  2017-11-08 17:20:36 [INFO]-[org.springframework.context.support.GenericApplicationContext] Refreshing org.springframework.context.support.GenericApplicationContext@184f6be2: startup date [Wed Nov 08 17:20:36 CST 2017]; root of context hierarchy
  2017-11-08 17:20:36 [DEBUG]-[org.springframework.context.support.GenericApplicationContext] Bean factory for org.springframework.context.support.GenericApplicationContext@184f6be2: org.springframework.beans.factory.support.DefaultListableBeanFactory@4ac3c60d: defining beans [org.springframework.context.support.PropertySourcesPlaceholderConfigurer#0,dataSource,sqlSessionFactory,org.mybatis.spring.mapper.MapperScannerConfigurer#0,org.springframework.aop.config.internalAutoProxyCreator,org.springframework.cache.annotation.AnnotationCacheOperationSource#0,org.springframework.cache.interceptor.CacheInterceptor#0,org.springframework.cache.config.internalCacheAdvisor,propertyConfigurer,poolConfig,resourcePropertySource,redisClusterConfiguration,connectionFactory,redisTemplate,cacheManager,studentServiceImpl,org.springframework.context.annotation.internalConfigurationAnnotationProcessor,org.springframework.context.annotation.internalAutowiredAnnotationProcessor,org.springframework.context.annotation.internalRequiredAnnotationProcessor,org.springframework.context.annotation.internalCommonAnnotationProcessor,org.springframework.context.event.internalEventListenerProcessor,org.springframework.context.event.internalEventListenerFactory,transactionManager,txAdvice,org.springframework.aop.support.DefaultBeanFactoryPointcutAdvisor#0]; root of factory hierarchy
  2017-11-08 17:20:36 [DEBUG]-[org.springframework.beans.factory.support.DefaultListableBeanFactory] Creating shared instance of singleton bean &apos;org.springframework.context.annotation.internalConfigurationAnnotationProcessor&apos;
  2017-11-08 17:20:36 [DEBUG]-[org.springframework.beans.factory.support.DefaultListableBeanFactory] Creating instance of bean &apos;org.springframework.context.annotation.internalConfigurationAnnotationProcessor&apos;
  2017-11-08 17:20:36 [DEBUG]-[org.springframework.beans.factory.support.DefaultListableBeanFactory] Eagerly caching bean &apos;org.springframework.context.annotation.internalConfigurationAnnotationProcessor&apos; to allow for resolving potential circular references
  2017-11-08 17:20:36 [DEBUG]-[org.springframework.beans.factory.support.DefaultListableBeanFactory] Finished creating instance of bean &apos;org.springframework.context.annotation.internalConfigurationAnnotationProcessor&apos;
  2017-11-08 17:20:36 [DEBUG]-[org.springframework.beans.factory.support.DefaultListableBeanFactory] Creating shared instance of singleton bean &apos;org.mybatis.spring.mapper.MapperScannerConfigurer#0&apos;
  2017-11-08 17:20:36 [DEBUG]-[org.springframework.beans.factory.support.DefaultListableBeanFactory] Creating instance of bean &apos;org.mybatis.spring.mapper.MapperScannerConfigurer#0&apos;
  2017-11-08 17:20:36 [DEBUG]-[org.springframework.beans.factory.support.DefaultListableBeanFactory] Eagerly caching bean &apos;org.mybatis.spring.mapper.MapperScannerConfigurer#0&apos; to allow for resolving potential circular references
  2017-11-08 17:20:36 [DEBUG]-[org.springframework.beans.factory.support.DefaultListableBeanFactory] Invoking afterPropertiesSet() on bean with name &apos;org.mybatis.spring.mapper.MapperScannerConfigurer#0&apos;
  2017-11-08 17:20:36 [DEBUG]-[org.springframework.beans.factory.support.DefaultListableBeanFactory] Finished creating instance of bean &apos;org.mybatis.spring.mapper.MapperScannerConfigurer#0&apos;
  2017-11-08 17:20:36 [DEBUG]-[org.springframework.core.env.StandardEnvironment] Adding [systemProperties] PropertySource with lowest search precedence
  2017-11-08 17:20:36 [DEBUG]-[org.springframework.core.env.StandardEnvironment] Adding [systemEnvironment] PropertySource with lowest search precedence
  2017-11-08 17:20:36 [DEBUG]-[org.springframework.core.env.StandardEnvironment] Initialized StandardEnvironment with PropertySources [systemProperties,systemEnvironment]
  2017-11-08 17:20:36 [DEBUG]-[org.springframework.core.io.support.PathMatchingResourcePatternResolver] Resolved classpath location [com/redis/mapper/] to resources [URL [file:/E:/spring_boot/redis-spring/target/classes/com/redis/mapper/]]
  2017-11-08 17:20:36 [DEBUG]-[org.springframework.core.io.support.PathMatchingResourcePatternResolver] Looking for matching resources in directory tree [E:\spring_boot\redis-spring\target\classes\com\redis\mapper]
  2017-11-08 17:20:36 [DEBUG]-[org.springframework.core.io.support.PathMatchingResourcePatternResolver] Searching directory [E:\spring_boot\redis-spring\target\classes\com\redis\mapper] for files matching pattern [E:/spring_boot/redis-spring/target/classes/com/redis/mapper/**/*.class]
  2017-11-08 17:20:37 [DEBUG]-[org.springframework.core.io.support.PathMatchingResourcePatternResolver] Resolved location pattern [classpath*:com/redis/mapper/**/*.class] to resources [file [E:\spring_boot\redis-spring\target\classes\com\redis\mapper\StudentMapper.class]]
  2017-11-08 17:20:37 [DEBUG]-[org.mybatis.spring.mapper.ClassPathMapperScanner] Identified candidate component class: file [E:\spring_boot\redis-spring\target\classes\com\redis\mapper\StudentMapper.class]
  2017-11-08 17:20:37 [DEBUG]-[org.mybatis.spring.mapper.ClassPathMapperScanner] Creating MapperFactoryBean with name &apos;studentMapper&apos; and &apos;com.redis.mapper.StudentMapper&apos; mapperInterface
  2017-11-08 17:20:37 [DEBUG]-[org.mybatis.spring.mapper.ClassPathMapperScanner] Enabling autowire by type for MapperFactoryBean with name &apos;studentMapper&apos;.
  2017-11-08 17:20:37 [DEBUG]-[org.springframework.beans.factory.support.DefaultListableBeanFactory] Creating shared instance of singleton bean &apos;org.springframework.context.support.PropertySourcesPlaceholderConfigurer#0&apos;
  2017-11-08 17:20:37 [DEBUG]-[org.springframework.beans.factory.support.DefaultListableBeanFactory] Creating instance of bean &apos;org.springframework.context.support.PropertySourcesPlaceholderConfigurer#0&apos;
  2017-11-08 17:20:37 [DEBUG]-[org.springframework.beans.factory.support.DefaultListableBeanFactory] Eagerly caching bean &apos;org.springframework.context.support.PropertySourcesPlaceholderConfigurer#0&apos; to allow for resolving potential circular references
  2017-11-08 17:20:37 [DEBUG]-[org.springframework.core.io.support.PathMatchingResourcePatternResolver] Looking for matching resources in directory tree [E:\spring_boot\redis-spring\target\test-classes\properties]
  2017-11-08 17:20:37 [DEBUG]-[org.springframework.core.io.support.PathMatchingResourcePatternResolver] Searching directory [E:\spring_boot\redis-spring\target\test-classes\properties] for files matching pattern [E:/spring_boot/redis-spring/target/test-classes/properties/*.properties]
  2017-11-08 17:20:37 [DEBUG]-[org.springframework.core.io.support.PathMatchingResourcePatternResolver] Resolved location pattern [classpath:properties/*.properties] to resources [file [E:\spring_boot\redis-spring\target\test-classes\properties\db.properties], file [E:\spring_boot\redis-spring\target\test-classes\properties\path.properties], file [E:\spring_boot\redis-spring\target\test-classes\properties\redis.properties]]
  2017-11-08 17:20:37 [DEBUG]-[org.springframework.beans.factory.support.DefaultListableBeanFactory] Finished creating instance of bean &apos;org.springframework.context.support.PropertySourcesPlaceholderConfigurer#0&apos;
  2017-11-08 17:20:37 [DEBUG]-[org.springframework.beans.factory.support.DefaultListableBeanFactory] Creating shared instance of singleton bean &apos;propertyConfigurer&apos;
  2017-11-08 17:20:37 [DEBUG]-[org.springframework.beans.factory.support.DefaultListableBeanFactory] Creating instance of bean &apos;propertyConfigurer&apos;
  2017-11-08 17:20:37 [DEBUG]-[org.springframework.beans.factory.support.DefaultListableBeanFactory] Eagerly caching bean &apos;propertyConfigurer&apos; to allow for resolving potential circular references
  2017-11-08 17:20:37 [DEBUG]-[org.springframework.beans.factory.support.DefaultListableBeanFactory] Finished creating instance of bean &apos;propertyConfigurer&apos;
  2017-11-08 17:20:37 [DEBUG]-[org.springframework.core.env.MutablePropertySources] Adding [environmentProperties] PropertySource with lowest search precedence
  2017-11-08 17:20:37 [INFO]-[org.springframework.context.support.PropertySourcesPlaceholderConfigurer] Loading properties file from file [E:\spring_boot\redis-spring\target\test-classes\properties\db.properties]
  2017-11-08 17:20:37 [INFO]-[org.springframework.context.support.PropertySourcesPlaceholderConfigurer] Loading properties file from file [E:\spring_boot\redis-spring\target\test-classes\properties\path.properties]
  2017-11-08 17:20:37 [INFO]-[org.springframework.context.support.PropertySourcesPlaceholderConfigurer] Loading properties file from file [E:\spring_boot\redis-spring\target\test-classes\properties\redis.properties]
  2017-11-08 17:20:37 [DEBUG]-[org.springframework.core.env.MutablePropertySources] Adding [localProperties] PropertySource with lowest search precedence
  2017-11-08 17:20:37 [DEBUG]-[org.springframework.core.env.PropertySourcesPropertyResolver] Could not find key &apos;jdbc.url&apos; in any property source
  2017-11-08 17:20:37 [DEBUG]-[org.springframework.core.env.PropertySourcesPropertyResolver] Found key &apos;jdbc.url&apos; in [localProperties] with type [String] and value &apos;jdbc:mysql://localhost:28066/towereshop?characterEncoding=utf-8&apos;
  2017-11-08 17:20:37 [DEBUG]-[org.springframework.core.env.PropertySourcesPropertyResolver] Could not find key &apos;jdbc.username&apos; in any property source
  2017-11-08 17:20:37 [DEBUG]-[org.springframework.core.env.PropertySourcesPropertyResolver] Found key &apos;jdbc.username&apos; in [localProperties] with type [String] and value &apos;mycat&apos;
  2017-11-08 17:20:37 [DEBUG]-[org.springframework.core.env.PropertySourcesPropertyResolver] Could not find key &apos;jdbc.password&apos; in any property source
  2017-11-08 17:20:37 [DEBUG]-[org.springframework.core.env.PropertySourcesPropertyResolver] Found key &apos;jdbc.password&apos; in [localProperties] with type [String] and value &apos;mycat&apos;
  2017-11-08 17:20:37 [DEBUG]-[org.springframework.core.env.PropertySourcesPropertyResolver] Could not find key &apos;jdbc.driver&apos; in any property source
  2017-11-08 17:20:37 [DEBUG]-[org.springframework.core.env.PropertySourcesPropertyResolver] Found key &apos;jdbc.driver&apos; in [localProperties] with type [String] and value &apos;com.mysql.jdbc.Driver&apos;
  2017-11-08 17:20:37 [DEBUG]-[org.springframework.core.env.PropertySourcesPropertyResolver] Could not find key &apos;redis.maxIdle&apos; in any property source
  2017-11-08 17:20:37 [DEBUG]-[org.springframework.core.env.PropertySourcesPropertyResolver] Found key &apos;redis.maxIdle&apos; in [localProperties] with type [String] and value &apos;100&apos;
  2017-11-08 17:20:37 [DEBUG]-[org.springframework.core.env.PropertySourcesPropertyResolver] Could not find key &apos;redis.maxWait&apos; in any property source
  2017-11-08 17:20:37 [DEBUG]-[org.springframework.core.env.PropertySourcesPropertyResolver] Found key &apos;redis.maxWait&apos; in [localProperties] with type [String] and value &apos;1000&apos;
  2017-11-08 17:20:37 [DEBUG]-[org.springframework.core.env.PropertySourcesPropertyResolver] Could not find key &apos;redis.testOnBorrow&apos; in any property source
  2017-11-08 17:20:37 [DEBUG]-[org.springframework.core.env.PropertySourcesPropertyResolver] Found key &apos;redis.testOnBorrow&apos; in [localProperties] with type [String] and value &apos;true&apos;
  2017-11-08 17:20:37 [DEBUG]-[org.springframework.core.env.PropertySourcesPropertyResolver] Could not find key &apos;redis.password&apos; in any property source
  2017-11-08 17:20:37 [DEBUG]-[org.springframework.core.env.PropertySourcesPropertyResolver] Found key &apos;redis.password&apos; in [localProperties] with type [String] and value &apos;uat_redis&apos;
  2017-11-08 17:20:37 [DEBUG]-[org.springframework.core.env.PropertySourcesPropertyResolver] Could not find key &apos;redis.timeout&apos; in any property source
  2017-11-08 17:20:37 [DEBUG]-[org.springframework.core.env.PropertySourcesPropertyResolver] Found key &apos;redis.timeout&apos; in [localProperties] with type [String] and value &apos;100000&apos;
  2017-11-08 17:20:37 [INFO]-[org.springframework.beans.factory.config.PropertyPlaceholderConfigurer] Loading properties file from class path resource [properties/redis.properties]
  2017-11-08 17:20:37 [DEBUG]-[org.springframework.beans.factory.support.DefaultListableBeanFactory] Creating shared instance of singleton bean &apos;org.springframework.context.annotation.internalAutowiredAnnotationProcessor&apos;
  2017-11-08 17:20:37 [DEBUG]-[org.springframework.beans.factory.support.DefaultListableBeanFactory] Creating instance of bean &apos;org.springframework.context.annotation.internalAutowiredAnnotationProcessor&apos;
  2017-11-08 17:20:37 [DEBUG]-[org.springframework.beans.factory.support.DefaultListableBeanFactory] Eagerly caching bean &apos;org.springframework.context.annotation.internalAutowiredAnnotationProcessor&apos; to allow for resolving potential circular references
  2017-11-08 17:20:37 [DEBUG]-[org.springframework.beans.factory.support.DefaultListableBeanFactory] Finished creating instance of bean &apos;org.springframework.context.annotation.internalAutowiredAnnotationProcessor&apos;
  2017-11-08 17:20:37 [DEBUG]-[org.springframework.beans.factory.support.DefaultListableBeanFactory] Creating shared instance of singleton bean &apos;org.springframework.context.annotation.internalRequiredAnnotationProcessor&apos;
  2017-11-08 17:20:37 [DEBUG]-[org.springframework.beans.factory.support.DefaultListableBeanFactory] Creating instance of bean &apos;org.springframework.context.annotation.internalRequiredAnnotationProcessor&apos;
  2017-11-08 17:20:37 [DEBUG]-[org.springframework.beans.factory.support.DefaultListableBeanFactory] Eagerly caching bean &apos;org.springframework.context.annotation.internalRequiredAnnotationProcessor&apos; to allow for resolving potential circular references
  2017-11-08 17:20:37 [DEBUG]-[org.springframework.beans.factory.support.DefaultListableBeanFactory] Finished creating instance of bean &apos;org.springframework.context.annotation.internalRequiredAnnotationProcessor&apos;
  2017-11-08 17:20:37 [DEBUG]-[org.springframework.beans.factory.support.DefaultListableBeanFactory] Creating shared instance of singleton bean &apos;org.springframework.context.annotation.internalCommonAnnotationProcessor&apos;
  2017-11-08 17:20:37 [DEBUG]-[org.springframework.beans.factory.support.DefaultListableBeanFactory] Creating instance of bean &apos;org.springframework.context.annotation.internalCommonAnnotationProcessor&apos;
  2017-11-08 17:20:37 [DEBUG]-[org.springframework.beans.factory.support.DefaultListableBeanFactory] Eagerly caching bean &apos;org.springframework.context.annotation.internalCommonAnnotationProcessor&apos; to allow for resolving potential circular references
  2017-11-08 17:20:37 [DEBUG]-[org.springframework.beans.factory.support.DefaultListableBeanFactory] Finished creating instance of bean &apos;org.springframework.context.annotation.internalCommonAnnotationProcessor&apos;
  2017-11-08 17:20:37 [DEBUG]-[org.springframework.beans.factory.support.DefaultListableBeanFactory] Creating shared instance of singleton bean &apos;org.springframework.context.annotation.ConfigurationClassPostProcessor.importAwareProcessor&apos;
  2017-11-08 17:20:37 [DEBUG]-[org.springframework.beans.factory.support.DefaultListableBeanFactory] Creating instance of bean &apos;org.springframework.context.annotation.ConfigurationClassPostProcessor.importAwareProcessor&apos;
  2017-11-08 17:20:37 [DEBUG]-[org.springframework.beans.factory.support.DefaultListableBeanFactory] Eagerly caching bean &apos;org.springframework.context.annotation.ConfigurationClassPostProcessor.importAwareProcessor&apos; to allow for resolving potential circular references
  2017-11-08 17:20:37 [DEBUG]-[org.springframework.beans.factory.support.DefaultListableBeanFactory] Finished creating instance of bean &apos;org.springframework.context.annotation.ConfigurationClassPostProcessor.importAwareProcessor&apos;
  2017-11-08 17:20:37 [DEBUG]-[org.springframework.beans.factory.support.DefaultListableBeanFactory] Creating shared instance of singleton bean &apos;org.springframework.context.annotation.ConfigurationClassPostProcessor.enhancedConfigurationProcessor&apos;
  2017-11-08 17:20:37 [DEBUG]-[org.springframework.beans.factory.support.DefaultListableBeanFactory] Creating instance of bean &apos;org.springframework.context.annotation.ConfigurationClassPostProcessor.enhancedConfigurationProcessor&apos;
  2017-11-08 17:20:37 [DEBUG]-[org.springframework.beans.factory.support.DefaultListableBeanFactory] Eagerly caching bean &apos;org.springframework.context.annotation.ConfigurationClassPostProcessor.enhancedConfigurationProcessor&apos; to allow for resolving potential circular references
  2017-11-08 17:20:37 [DEBUG]-[org.springframework.beans.factory.support.DefaultListableBeanFactory] Finished creating instance of bean &apos;org.springframework.context.annotation.ConfigurationClassPostProcessor.enhancedConfigurationProcessor&apos;
  2017-11-08 17:20:37 [DEBUG]-[org.springframework.beans.factory.support.DefaultListableBeanFactory] Creating shared instance of singleton bean &apos;org.springframework.aop.config.internalAutoProxyCreator&apos;
  2017-11-08 17:20:37 [DEBUG]-[org.springframework.beans.factory.support.DefaultListableBeanFactory] Creating instance of bean &apos;org.springframework.aop.config.internalAutoProxyCreator&apos;
  2017-11-08 17:20:37 [DEBUG]-[org.springframework.beans.factory.support.DefaultListableBeanFactory] Eagerly caching bean &apos;org.springframework.aop.config.internalAutoProxyCreator&apos; to allow for resolving potential circular references
  2017-11-08 17:20:37 [DEBUG]-[org.springframework.beans.factory.support.DefaultListableBeanFactory] Finished creating instance of bean &apos;org.springframework.aop.config.internalAutoProxyCreator&apos;
  2017-11-08 17:20:37 [DEBUG]-[org.springframework.context.support.GenericApplicationContext] Unable to locate MessageSource with name &apos;messageSource&apos;: using default [org.springframework.context.support.DelegatingMessageSource@482bce4f]
  2017-11-08 17:20:37 [DEBUG]-[org.springframework.context.support.GenericApplicationContext] Unable to locate ApplicationEventMulticaster with name &apos;applicationEventMulticaster&apos;: using default [org.springframework.context.event.SimpleApplicationEventMulticaster@6a370f4]
  2017-11-08 17:20:37 [DEBUG]-[org.springframework.beans.factory.support.DefaultListableBeanFactory] Pre-instantiating singletons in org.springframework.beans.factory.support.DefaultListableBeanFactory@4ac3c60d: defining beans [org.springframework.context.support.PropertySourcesPlaceholderConfigurer#0,dataSource,sqlSessionFactory,org.mybatis.spring.mapper.MapperScannerConfigurer#0,org.springframework.aop.config.internalAutoProxyCreator,org.springframework.cache.annotation.AnnotationCacheOperationSource#0,org.springframework.cache.interceptor.CacheInterceptor#0,org.springframework.cache.config.internalCacheAdvisor,propertyConfigurer,poolConfig,resourcePropertySource,redisClusterConfiguration,connectionFactory,redisTemplate,cacheManager,studentServiceImpl,org.springframework.context.annotation.internalConfigurationAnnotationProcessor,org.springframework.context.annotation.internalAutowiredAnnotationProcessor,org.springframework.context.annotation.internalRequiredAnnotationProcessor,org.springframework.context.annotation.internalCommonAnnotationProcessor,org.springframework.context.event.internalEventListenerProcessor,org.springframework.context.event.internalEventListenerFactory,transactionManager,txAdvice,org.springframework.aop.support.DefaultBeanFactoryPointcutAdvisor#0,org.springframework.context.annotation.ConfigurationClassPostProcessor.importAwareProcessor,org.springframework.context.annotation.ConfigurationClassPostProcessor.enhancedConfigurationProcessor,studentMapper]; root of factory hierarchy
  2017-11-08 17:20:37 [DEBUG]-[org.springframework.beans.factory.support.DefaultListableBeanFactory] Returning cached instance of singleton bean &apos;org.springframework.context.support.PropertySourcesPlaceholderConfigurer#0&apos;
  2017-11-08 17:20:37 [DEBUG]-[org.springframework.beans.factory.support.DefaultListableBeanFactory] Creating shared instance of singleton bean &apos;dataSource&apos;
  2017-11-08 17:20:37 [DEBUG]-[org.springframework.beans.factory.support.DefaultListableBeanFactory] Creating instance of bean &apos;dataSource&apos;
  2017-11-08 17:20:37 [DEBUG]-[org.springframework.beans.factory.support.DefaultListableBeanFactory] Creating shared instance of singleton bean &apos;org.springframework.cache.config.internalCacheAdvisor&apos;
  2017-11-08 17:20:37 [DEBUG]-[org.springframework.beans.factory.support.DefaultListableBeanFactory] Creating instance of bean &apos;org.springframework.cache.config.internalCacheAdvisor&apos;
  2017-11-08 17:20:37 [DEBUG]-[org.springframework.beans.factory.support.DefaultListableBeanFactory] Eagerly caching bean &apos;org.springframework.cache.config.internalCacheAdvisor&apos; to allow for resolving potential circular references
  2017-11-08 17:20:37 [DEBUG]-[org.springframework.beans.factory.support.DefaultListableBeanFactory] Creating shared instance of singleton bean &apos;org.springframework.cache.annotation.AnnotationCacheOperationSource#0&apos;
  2017-11-08 17:20:37 [DEBUG]-[org.springframework.beans.factory.support.DefaultListableBeanFactory] Creating instance of bean &apos;org.springframework.cache.annotation.AnnotationCacheOperationSource#0&apos;
  2017-11-08 17:20:37 [DEBUG]-[org.springframework.aop.framework.autoproxy.BeanFactoryAdvisorRetrievalHelper] Skipping currently created advisor &apos;org.springframework.cache.config.internalCacheAdvisor&apos;
  2017-11-08 17:20:37 [DEBUG]-[org.springframework.beans.factory.support.DefaultListableBeanFactory] Creating shared instance of singleton bean &apos;org.springframework.aop.support.DefaultBeanFactoryPointcutAdvisor#0&apos;
  2017-11-08 17:20:37 [DEBUG]-[org.springframework.beans.factory.support.DefaultListableBeanFactory] Creating instance of bean &apos;org.springframework.aop.support.DefaultBeanFactoryPointcutAdvisor#0&apos;
  2017-11-08 17:20:37 [DEBUG]-[org.springframework.beans.factory.support.DefaultListableBeanFactory] Eagerly caching bean &apos;org.springframework.aop.support.DefaultBeanFactoryPointcutAdvisor#0&apos; to allow for resolving potential circular references
  2017-11-08 17:20:37 [DEBUG]-[org.springframework.beans.factory.support.DefaultListableBeanFactory] Creating instance of bean &apos;(inner bean)#49dc7102&apos;
  2017-11-08 17:20:37 [DEBUG]-[org.springframework.beans.factory.support.DefaultListableBeanFactory] Finished creating instance of bean &apos;(inner bean)#49dc7102&apos;
  2017-11-08 17:20:37 [DEBUG]-[org.springframework.beans.factory.support.DefaultListableBeanFactory] Finished creating instance of bean &apos;org.springframework.aop.support.DefaultBeanFactoryPointcutAdvisor#0&apos;
  2017-11-08 17:20:37 [DEBUG]-[org.springframework.beans.factory.support.DefaultListableBeanFactory] Eagerly caching bean &apos;org.springframework.cache.annotation.AnnotationCacheOperationSource#0&apos; to allow for resolving potential circular references
  2017-11-08 17:20:37 [DEBUG]-[org.springframework.aop.framework.autoproxy.BeanFactoryAdvisorRetrievalHelper] Skipping currently created advisor &apos;org.springframework.cache.config.internalCacheAdvisor&apos;
  2017-11-08 17:20:37 [DEBUG]-[org.springframework.beans.factory.support.DefaultListableBeanFactory] Returning cached instance of singleton bean &apos;org.springframework.aop.support.DefaultBeanFactoryPointcutAdvisor#0&apos;
  2017-11-08 17:20:37 [DEBUG]-[org.springframework.aop.framework.autoproxy.BeanFactoryAdvisorRetrievalHelper] Skipping currently created advisor &apos;org.springframework.cache.config.internalCacheAdvisor&apos;
  2017-11-08 17:20:37 [DEBUG]-[org.springframework.beans.factory.support.DefaultListableBeanFactory] Returning cached instance of singleton bean &apos;org.springframework.aop.support.DefaultBeanFactoryPointcutAdvisor#0&apos;
  2017-11-08 17:20:37 [DEBUG]-[org.springframework.beans.factory.support.DefaultListableBeanFactory] Finished creating instance of bean &apos;org.springframework.cache.annotation.AnnotationCacheOperationSource#0&apos;
  2017-11-08 17:20:37 [DEBUG]-[org.springframework.beans.factory.support.DefaultListableBeanFactory] Finished creating instance of bean &apos;org.springframework.cache.config.internalCacheAdvisor&apos;
  2017-11-08 17:20:37 [DEBUG]-[org.springframework.beans.factory.support.DefaultListableBeanFactory] Returning cached instance of singleton bean &apos;org.springframework.aop.support.DefaultBeanFactoryPointcutAdvisor#0&apos;
  2017-11-08 17:20:37 [DEBUG]-[org.springframework.beans.factory.support.DefaultListableBeanFactory] Eagerly caching bean &apos;dataSource&apos; to allow for resolving potential circular references
  2017-11-08 17:20:37 [DEBUG]-[org.springframework.beans.factory.support.DefaultListableBeanFactory] Returning cached instance of singleton bean &apos;org.springframework.cache.config.internalCacheAdvisor&apos;
  2017-11-08 17:20:37 [DEBUG]-[org.springframework.beans.factory.support.DefaultListableBeanFactory] Returning cached instance of singleton bean &apos;org.springframework.aop.support.DefaultBeanFactoryPointcutAdvisor#0&apos;
  2017-11-08 17:20:37 [DEBUG]-[org.springframework.beans.factory.support.DefaultListableBeanFactory] Returning cached instance of singleton bean &apos;org.springframework.cache.config.internalCacheAdvisor&apos;
  2017-11-08 17:20:37 [DEBUG]-[org.springframework.beans.factory.support.DefaultListableBeanFactory] Returning cached instance of singleton bean &apos;org.springframework.aop.support.DefaultBeanFactoryPointcutAdvisor#0&apos;
  2017-11-08 17:20:37 [DEBUG]-[org.springframework.beans.factory.support.DefaultListableBeanFactory] Finished creating instance of bean &apos;dataSource&apos;
[...]
  2017-11-08 17:20:43 [DEBUG]-[org.springframework.beans.factory.support.DisposableBeanAdapter] Invoking destroy method &apos;close&apos; on bean with name &apos;dataSource&apos;
  2017-11-08 17:20:43 [ERROR]-[org.springframework.test.context.TestContextManager] Caught exception while allowing TestExecutionListener [org.springframework.test.context.support.DependencyInjectionTestExecutionListener@335eadca] to prepare test instance [com.redis.controller.StudentControllerTest@2bb3058]
  java.lang.IllegalStateException: Failed to load ApplicationContext
	at org.springframework.test.context.cache.DefaultCacheAwareContextLoaderDelegate.loadContext(DefaultCacheAwareContextLoaderDelegate.java:124)
	at org.springframework.test.context.support.DefaultTestContext.getApplicationContext(DefaultTestContext.java:83)
	at org.springframework.test.context.support.DependencyInjectionTestExecutionListener.injectDependencies(DependencyInjectionTestExecutionListener.java:117)
	at org.springframework.test.context.support.DependencyInjectionTestExecutionListener.prepareTestInstance(DependencyInjectionTestExecutionListener.java:83)
	at org.springframework.test.context.TestContextManager.prepareTestInstance(TestContextManager.java:230)
	at org.springframework.test.context.junit4.SpringJUnit4ClassRunner.createTest(SpringJUnit4ClassRunner.java:228)
	at org.springframework.test.context.junit4.SpringJUnit4ClassRunner$1.runReflectiveCall(SpringJUnit4ClassRunner.java:287)
	at org.junit.internal.runners.model.ReflectiveCallable.run(ReflectiveCallable.java:12)
	at org.springframework.test.context.junit4.SpringJUnit4ClassRunner.methodBlock(SpringJUnit4ClassRunner.java:289)
	at org.springframework.test.context.junit4.SpringJUnit4ClassRunner.runChild(SpringJUnit4ClassRunner.java:247)
	at org.springframework.test.context.junit4.SpringJUnit4ClassRunner.runChild(SpringJUnit4ClassRunner.java:94)
	at org.junit.runners.ParentRunner$3.run(ParentRunner.java:290)
	at org.junit.runners.ParentRunner$1.schedule(ParentRunner.java:71)
	at org.junit.runners.ParentRunner.runChildren(ParentRunner.java:288)
	at org.junit.runners.ParentRunner.access$000(ParentRunner.java:58)
	at org.junit.runners.ParentRunner$2.evaluate(ParentRunner.java:268)
	at org.springframework.test.context.junit4.statements.RunBeforeTestClassCallbacks.evaluate(RunBeforeTestClassCallbacks.java:61)
	at org.springframework.test.context.junit4.statements.RunAfterTestClassCallbacks.evaluate(RunAfterTestClassCallbacks.java:70)
	at org.junit.runners.ParentRunner.run(ParentRunner.java:363)
	at org.springframework.test.context.junit4.SpringJUnit4ClassRunner.run(SpringJUnit4ClassRunner.java:191)
	at org.apache.maven.surefire.junit4.JUnit4Provider.execute(JUnit4Provider.java:252)
	at org.apache.maven.surefire.junit4.JUnit4Provider.executeTestSet(JUnit4Provider.java:141)
	at org.apache.maven.surefire.junit4.JUnit4Provider.invoke(JUnit4Provider.java:112)
	at sun.reflect.NativeMethodAccessorImpl.invoke0(Native Method)
	at sun.reflect.NativeMethodAccessorImpl.invoke(NativeMethodAccessorImpl.java:62)
	at sun.reflect.DelegatingMethodAccessorImpl.invoke(DelegatingMethodAccessorImpl.java:43)
	at java.lang.reflect.Method.invoke(Method.java:498)
	at org.apache.maven.surefire.util.ReflectionUtils.invokeMethodWithArray(ReflectionUtils.java:189)
	at org.apache.maven.surefire.booter.ProviderFactory$ProviderProxy.invoke(ProviderFactory.java:165)
	at org.apache.maven.surefire.booter.ProviderFactory.invokeProvider(ProviderFactory.java:85)
	at org.apache.maven.surefire.booter.ForkedBooter.runSuitesInProcess(ForkedBooter.java:115)
	at org.apache.maven.surefire.booter.ForkedBooter.main(ForkedBooter.java:75)
Caused by: org.springframework.beans.factory.BeanCreationException: Error creating bean with name &apos;org.springframework.cache.interceptor.CacheInterceptor#0&apos;: Cannot resolve reference to bean &apos;cacheManager&apos; while setting bean property &apos;cacheManager&apos;; nested exception is org.springframework.beans.factory.BeanCreationException: Error creating bean with name &apos;cacheManager&apos; defined in class path resource [spring/applicationContext-redis.xml]: Cannot create inner bean &apos;com.redis.redis.RedisCache#7331196b&apos; of type [com.redis.redis.RedisCache] while setting bean property &apos;caches&apos; with key [0]; nested exception is org.springframework.beans.factory.BeanCreationException: Error creating bean with name &apos;com.redis.redis.RedisCache#7331196b&apos; defined in class path resource [spring/applicationContext-redis.xml]: Cannot resolve reference to bean &apos;redisTemplate&apos; while setting bean property &apos;redisTemplate&apos;; nested exception is org.springframework.beans.factory.BeanCreationException: Error creating bean with name &apos;redisTemplate&apos; defined in class path resource [spring/applicationContext-redis.xml]: Cannot resolve reference to bean &apos;connectionFactory&apos; while setting bean property &apos;connectionFactory&apos;; nested exception is org.springframework.beans.factory.BeanCreationException: Error creating bean with name &apos;connectionFactory&apos; defined in class path resource [spring/applicationContext-redis.xml]: Invocation of init method failed; nested exception is redis.clients.jedis.exceptions.JedisConnectionException: java.net.SocketTimeoutException: connect timed out
	at org.springframework.beans.factory.support.BeanDefinitionValueResolver.resolveReference(BeanDefinitionValueResolver.java:359)
	at org.springframework.beans.factory.support.BeanDefinitionValueResolver.resolveValueIfNecessary(BeanDefinitionValueResolver.java:108)
	at org.springframework.beans.factory.support.AbstractAutowireCapableBeanFactory.applyPropertyValues(AbstractAutowireCapableBeanFactory.java:1481)
	at org.springframework.beans.factory.support.AbstractAutowireCapableBeanFactory.populateBean(AbstractAutowireCapableBeanFactory.java:1226)
	at org.springframework.beans.factory.support.AbstractAutowireCapableBeanFactory.doCreateBean(AbstractAutowireCapableBeanFactory.java:543)
	at org.springframework.beans.factory.support.AbstractAutowireCapableBeanFactory.createBean(AbstractAutowireCapableBeanFactory.java:482)
	at org.springframework.beans.factory.support.AbstractBeanFactory$1.getObject(AbstractBeanFactory.java:306)
	at org.springframework.beans.factory.support.DefaultSingletonBeanRegistry.getSingleton(DefaultSingletonBeanRegistry.java:230)
	at org.springframework.beans.factory.support.AbstractBeanFactory.doGetBean(AbstractBeanFactory.java:302)
	at org.springframework.beans.factory.support.AbstractBeanFactory.getBean(AbstractBeanFactory.java:197)
	at org.springframework.beans.factory.support.DefaultListableBeanFactory.preInstantiateSingletons(DefaultListableBeanFactory.java:776)
	at org.springframework.context.support.AbstractApplicationContext.finishBeanFactoryInitialization(AbstractApplicationContext.java:861)
	at org.springframework.context.support.AbstractApplicationContext.refresh(AbstractApplicationContext.java:541)
	at org.springframework.test.context.support.AbstractGenericContextLoader.loadContext(AbstractGenericContextLoader.java:128)
	at org.springframework.test.context.support.AbstractGenericContextLoader.loadContext(AbstractGenericContextLoader.java:60)
	at org.springframework.test.context.support.AbstractDelegatingSmartContextLoader.delegateLoading(AbstractDelegatingSmartContextLoader.java:108)
	at org.springframework.test.context.support.AbstractDelegatingSmartContextLoader.loadContext(AbstractDelegatingSmartContextLoader.java:251)
	at org.springframework.test.context.cache.DefaultCacheAwareContextLoaderDelegate.loadContextInternal(DefaultCacheAwareContextLoaderDelegate.java:98)
	at org.springframework.test.context.cache.DefaultCacheAwareContextLoaderDelegate.loadContext(DefaultCacheAwareContextLoaderDelegate.java:116)
	... 31 more
Caused by: org.springframework.beans.factory.BeanCreationException: Error creating bean with name &apos;cacheManager&apos; defined in class path resource [spring/applicationContext-redis.xml]: Cannot create inner bean &apos;com.redis.redis.RedisCache#7331196b&apos; of type [com.redis.redis.RedisCache] while setting bean property &apos;caches&apos; with key [0]; nested exception is org.springframework.beans.factory.BeanCreationException: Error creating bean with name &apos;com.redis.redis.RedisCache#7331196b&apos; defined in class path resource [spring/applicationContext-redis.xml]: Cannot resolve reference to bean &apos;redisTemplate&apos; while setting bean property &apos;redisTemplate&apos;; nested exception is org.springframework.beans.factory.BeanCreationException: Error creating bean with name &apos;redisTemplate&apos; defined in class path resource [spring/applicationContext-redis.xml]: Cannot resolve reference to bean &apos;connectionFactory&apos; while setting bean property &apos;connectionFactory&apos;; nested exception is org.springframework.beans.factory.BeanCreationException: Error creating bean with name &apos;connectionFactory&apos; defined in class path resource [spring/applicationContext-redis.xml]: Invocation of init method failed; nested exception is redis.clients.jedis.exceptions.JedisConnectionException: java.net.SocketTimeoutException: connect timed out
	at org.springframework.beans.factory.support.BeanDefinitionValueResolver.resolveInnerBean(BeanDefinitionValueResolver.java:313)
	at org.springframework.beans.factory.support.BeanDefinitionValueResolver.resolveValueIfNecessary(BeanDefinitionValueResolver.java:122)
	at org.springframework.beans.factory.support.BeanDefinitionValueResolver.resolveManagedSet(BeanDefinitionValueResolver.java:394)
	at org.springframework.beans.factory.support.BeanDefinitionValueResolver.resolveValueIfNecessary(BeanDefinitionValueResolver.java:161)
	at org.springframework.beans.factory.support.AbstractAutowireCapableBeanFactory.applyPropertyValues(AbstractAutowireCapableBeanFactory.java:1481)
	at org.springframework.beans.factory.support.AbstractAutowireCapableBeanFactory.populateBean(AbstractAutowireCapableBeanFactory.java:1226)
	at org.springframework.beans.factory.support.AbstractAutowireCapableBeanFactory.doCreateBean(AbstractAutowireCapableBeanFactory.java:543)
	at org.springframework.beans.factory.support.AbstractAutowireCapableBeanFactory.createBean(AbstractAutowireCapableBeanFactory.java:482)
	at org.springframework.beans.factory.support.AbstractBeanFactory$1.getObject(AbstractBeanFactory.java:306)
	at org.springframework.beans.factory.support.DefaultSingletonBeanRegistry.getSingleton(DefaultSingletonBeanRegistry.java:230)
	at org.springframework.beans.factory.support.AbstractBeanFactory.doGetBean(AbstractBeanFactory.java:302)
	at org.springframework.beans.factory.support.AbstractBeanFactory.getBean(AbstractBeanFactory.java:197)
	at org.springframework.beans.factory.support.BeanDefinitionValueResolver.resolveReference(BeanDefinitionValueResolver.java:351)
	... 49 more
Caused by: org.springframework.beans.factory.BeanCreationException: Error creating bean with name &apos;com.redis.redis.RedisCache#7331196b&apos; defined in class path resource [spring/applicationContext-redis.xml]: Cannot resolve reference to bean &apos;redisTemplate&apos; while setting bean property &apos;redisTemplate&apos;; nested exception is org.springframework.beans.factory.BeanCreationException: Error creating bean with name &apos;redisTemplate&apos; defined in class path resource [spring/applicationContext-redis.xml]: Cannot resolve reference to bean &apos;connectionFactory&apos; while setting bean property &apos;connectionFactory&apos;; nested exception is org.springframework.beans.factory.BeanCreationException: Error creating bean with name &apos;connectionFactory&apos; defined in class path resource [spring/applicationContext-redis.xml]: Invocation of init method failed; nested exception is redis.clients.jedis.exceptions.JedisConnectionException: java.net.SocketTimeoutException: connect timed out
	at org.springframework.beans.factory.support.BeanDefinitionValueResolver.resolveReference(BeanDefinitionValueResolver.java:359)
	at org.springframework.beans.factory.support.BeanDefinitionValueResolver.resolveValueIfNecessary(BeanDefinitionValueResolver.java:108)
	at org.springframework.beans.factory.support.AbstractAutowireCapableBeanFactory.applyPropertyValues(AbstractAutowireCapableBeanFactory.java:1481)
	at org.springframework.beans.factory.support.AbstractAutowireCapableBeanFactory.populateBean(AbstractAutowireCapableBeanFactory.java:1226)
	at org.springframework.beans.factory.support.AbstractAutowireCapableBeanFactory.doCreateBean(AbstractAutowireCapableBeanFactory.java:543)
	at org.springframework.beans.factory.support.AbstractAutowireCapableBeanFactory.createBean(AbstractAutowireCapableBeanFactory.java:482)
	at org.springframework.beans.factory.support.BeanDefinitionValueResolver.resolveInnerBean(BeanDefinitionValueResolver.java:299)
	... 61 more
Caused by: org.springframework.beans.factory.BeanCreationException: Error creating bean with name &apos;redisTemplate&apos; defined in class path resource [spring/applicationContext-redis.xml]: Cannot resolve reference to bean &apos;connectionFactory&apos; while setting bean property &apos;connectionFactory&apos;; nested exception is org.springframework.beans.factory.BeanCreationException: Error creating bean with name &apos;connectionFactory&apos; defined in class path resource [spring/applicationContext-redis.xml]: Invocation of init method failed; nested exception is redis.clients.jedis.exceptions.JedisConnectionException: java.net.SocketTimeoutException: connect timed out
	at org.springframework.beans.factory.support.BeanDefinitionValueResolver.resolveReference(BeanDefinitionValueResolver.java:359)
	at org.springframework.beans.factory.support.BeanDefinitionValueResolver.resolveValueIfNecessary(BeanDefinitionValueResolver.java:108)
	at org.springframework.beans.factory.support.AbstractAutowireCapableBeanFactory.applyPropertyValues(AbstractAutowireCapableBeanFactory.java:1481)
	at org.springframework.beans.factory.support.AbstractAutowireCapableBeanFactory.populateBean(AbstractAutowireCapableBeanFactory.java:1226)
	at org.springframework.beans.factory.support.AbstractAutowireCapableBeanFactory.doCreateBean(AbstractAutowireCapableBeanFactory.java:543)
	at org.springframework.beans.factory.support.AbstractAutowireCapableBeanFactory.createBean(AbstractAutowireCapableBeanFactory.java:482)
	at org.springframework.beans.factory.support.AbstractBeanFactory$1.getObject(AbstractBeanFactory.java:306)
	at org.springframework.beans.factory.support.DefaultSingletonBeanRegistry.getSingleton(DefaultSingletonBeanRegistry.java:230)
	at org.springframework.beans.factory.support.AbstractBeanFactory.doGetBean(AbstractBeanFactory.java:302)
	at org.springframework.beans.factory.support.AbstractBeanFactory.getBean(AbstractBeanFactory.java:197)
	at org.springframework.beans.factory.support.BeanDefinitionValueResolver.resolveReference(BeanDefinitionValueResolver.java:351)
	... 67 more
Caused by: org.springframework.beans.factory.BeanCreationException: Error creating bean with name &apos;connectionFactory&apos; defined in class path resource [spring/applicationContext-redis.xml]: Invocation of init method failed; nested exception is redis.clients.jedis.exceptions.JedisConnectionException: java.net.SocketTimeoutException: connect timed out
	at org.springframework.beans.factory.support.AbstractAutowireCapableBeanFactory.initializeBean(AbstractAutowireCapableBeanFactory.java:1578)
	at org.springframework.beans.factory.support.AbstractAutowireCapableBeanFactory.doCreateBean(AbstractAutowireCapableBeanFactory.java:545)
	at org.springframework.beans.factory.support.AbstractAutowireCapableBeanFactory.createBean(AbstractAutowireCapableBeanFactory.java:482)
	at org.springframework.beans.factory.support.AbstractBeanFactory$1.getObject(AbstractBeanFactory.java:306)
	at org.springframework.beans.factory.support.DefaultSingletonBeanRegistry.getSingleton(DefaultSingletonBeanRegistry.java:230)
	at org.springframework.beans.factory.support.AbstractBeanFactory.doGetBean(AbstractBeanFactory.java:302)
	at org.springframework.beans.factory.support.AbstractBeanFactory.getBean(AbstractBeanFactory.java:197)
	at org.springframework.beans.factory.support.BeanDefinitionValueResolver.resolveReference(BeanDefinitionValueResolver.java:351)
	... 77 more
Caused by: redis.clients.jedis.exceptions.JedisConnectionException: java.net.SocketTimeoutException: connect timed out
	at redis.clients.jedis.Connection.connect(Connection.java:207)
	at redis.clients.jedis.BinaryClient.connect(BinaryClient.java:93)
	at redis.clients.jedis.Connection.sendCommand(Connection.java:126)
	at redis.clients.jedis.Connection.sendCommand(Connection.java:117)
	at redis.clients.jedis.BinaryClient.auth(BinaryClient.java:564)
	at redis.clients.jedis.BinaryJedis.auth(BinaryJedis.java:2138)
	at redis.clients.jedis.JedisClusterConnectionHandler.initializeSlotsCache(JedisClusterConnectionHandler.java:36)
	at redis.clients.jedis.JedisClusterConnectionHandler.&lt;init&gt;(JedisClusterConnectionHandler.java:17)
	at redis.clients.jedis.JedisSlotBasedConnectionHandler.&lt;init&gt;(JedisSlotBasedConnectionHandler.java:24)
	at redis.clients.jedis.BinaryJedisCluster.&lt;init&gt;(BinaryJedisCluster.java:54)
	at redis.clients.jedis.JedisCluster.&lt;init&gt;(JedisCluster.java:93)
	at org.springframework.data.redis.connection.jedis.JedisConnectionFactory.createCluster(JedisConnectionFactory.java:306)
	at org.springframework.data.redis.connection.jedis.JedisConnectionFactory.createCluster(JedisConnectionFactory.java:280)
	at org.springframework.data.redis.connection.jedis.JedisConnectionFactory.afterPropertiesSet(JedisConnectionFactory.java:241)
	at org.springframework.beans.factory.support.AbstractAutowireCapableBeanFactory.invokeInitMethods(AbstractAutowireCapableBeanFactory.java:1637)
	at org.springframework.beans.factory.support.AbstractAutowireCapableBeanFactory.initializeBean(AbstractAutowireCapableBeanFactory.java:1574)
	... 84 more
Caused by: java.net.SocketTimeoutException: connect timed out
	at java.net.DualStackPlainSocketImpl.waitForConnect(Native Method)
	at java.net.DualStackPlainSocketImpl.socketConnect(DualStackPlainSocketImpl.java:85)
	at java.net.AbstractPlainSocketImpl.doConnect(AbstractPlainSocketImpl.java:350)
	at java.net.AbstractPlainSocketImpl.connectToAddress(AbstractPlainSocketImpl.java:206)
	at java.net.AbstractPlainSocketImpl.connect(AbstractPlainSocketImpl.java:188)
	at java.net.PlainSocketImpl.connect(PlainSocketImpl.java:172)
	at java.net.SocksSocketImpl.connect(SocksSocketImpl.java:392)
	at java.net.Socket.connect(Socket.java:589)
	at redis.clients.jedis.Connection.connect(Connection.java:184)
	... 99 more
</system-out>
  </testcase>
</testsuite>